[1.581s] Invoking command in '/home/lequn/Documents/GitHub/turtlebot3_ros2_ws/build/turtlebot3_example': AMENT_PREFIX_PATH=/home/lequn/Documents/GitHub/turtlebot3_ros2_ws/install/turtlebot3_msgs:${AMENT_PREFIX_PATH} CMAKE_PREFIX_PATH=/home/lequn/Documents/GitHub/turtlebot3_ros2_ws/install/turtlebot3_msgs:${CMAKE_PREFIX_PATH} LD_LIBRARY_PATH=/home/lequn/Documents/GitHub/turtlebot3_ros2_ws/install/turtlebot3_msgs/lib:${LD_LIBRARY_PATH} PYTHONPATH=/home/lequn/Documents/GitHub/turtlebot3_ros2_ws/install/turtlebot3_example/lib/python3.8/site-packages:/home/lequn/Documents/GitHub/turtlebot3_ros2_ws/install/turtlebot3_msgs/lib/python3.8/site-packages:${PYTHONPATH} /usr/bin/python3 setup.py develop --prefix /home/lequn/Documents/GitHub/turtlebot3_ros2_ws/install/turtlebot3_example --editable --build-directory /home/lequn/Documents/GitHub/turtlebot3_ros2_ws/build/turtlebot3_example/build --no-deps install_data --install-dir /home/lequn/Documents/GitHub/turtlebot3_ros2_ws/install/turtlebot3_example
[2.152s] running develop
[2.314s] running egg_info
[2.314s] creating turtlebot3_example.egg-info
[2.314s] writing turtlebot3_example.egg-info/PKG-INFO
[2.314s] writing dependency_links to turtlebot3_example.egg-info/dependency_links.txt
[2.314s] writing entry points to turtlebot3_example.egg-info/entry_points.txt
[2.314s] writing requirements to turtlebot3_example.egg-info/requires.txt
[2.314s] writing top-level names to turtlebot3_example.egg-info/top_level.txt
[2.317s] writing manifest file 'turtlebot3_example.egg-info/SOURCES.txt'
[2.343s] reading manifest file 'turtlebot3_example.egg-info/SOURCES.txt'
[2.343s] writing manifest file 'turtlebot3_example.egg-info/SOURCES.txt'
[2.381s] running build_ext
[2.382s] Creating /home/lequn/Documents/GitHub/turtlebot3_ros2_ws/install/turtlebot3_example/lib/python3.8/site-packages/site.py
[2.385s] Creating /home/lequn/Documents/GitHub/turtlebot3_ros2_ws/install/turtlebot3_example/lib/python3.8/site-packages/turtlebot3-example.egg-link (link to .)
[2.386s] Installing turtlebot3_obstacle_detection script to /home/lequn/Documents/GitHub/turtlebot3_ros2_ws/install/turtlebot3_example/lib/turtlebot3_example
[2.386s] Installing turtlebot3_patrol_client script to /home/lequn/Documents/GitHub/turtlebot3_ros2_ws/install/turtlebot3_example/lib/turtlebot3_example
[2.386s] Installing turtlebot3_patrol_server script to /home/lequn/Documents/GitHub/turtlebot3_ros2_ws/install/turtlebot3_example/lib/turtlebot3_example
[2.387s] Installing turtlebot3_position_control script to /home/lequn/Documents/GitHub/turtlebot3_ros2_ws/install/turtlebot3_example/lib/turtlebot3_example
[2.387s] 
[2.387s] Installed /home/lequn/Documents/GitHub/turtlebot3_ros2_ws/build/turtlebot3_example
[2.387s] running install_data
[2.387s] creating /home/lequn/Documents/GitHub/turtlebot3_ros2_ws/install/turtlebot3_example/share/ament_index
[2.387s] creating /home/lequn/Documents/GitHub/turtlebot3_ros2_ws/install/turtlebot3_example/share/ament_index/resource_index
[2.387s] creating /home/lequn/Documents/GitHub/turtlebot3_ros2_ws/install/turtlebot3_example/share/ament_index/resource_index/packages
[2.387s] copying resource/turtlebot3_example -> /home/lequn/Documents/GitHub/turtlebot3_ros2_ws/install/turtlebot3_example/share/ament_index/resource_index/packages
[2.387s] copying package.xml -> /home/lequn/Documents/GitHub/turtlebot3_ros2_ws/install/turtlebot3_example/share/turtlebot3_example
[2.408s] Invoked command in '/home/lequn/Documents/GitHub/turtlebot3_ros2_ws/build/turtlebot3_example' returned '0': AMENT_PREFIX_PATH=/home/lequn/Documents/GitHub/turtlebot3_ros2_ws/install/turtlebot3_msgs:${AMENT_PREFIX_PATH} CMAKE_PREFIX_PATH=/home/lequn/Documents/GitHub/turtlebot3_ros2_ws/install/turtlebot3_msgs:${CMAKE_PREFIX_PATH} LD_LIBRARY_PATH=/home/lequn/Documents/GitHub/turtlebot3_ros2_ws/install/turtlebot3_msgs/lib:${LD_LIBRARY_PATH} PYTHONPATH=/home/lequn/Documents/GitHub/turtlebot3_ros2_ws/install/turtlebot3_example/lib/python3.8/site-packages:/home/lequn/Documents/GitHub/turtlebot3_ros2_ws/install/turtlebot3_msgs/lib/python3.8/site-packages:${PYTHONPATH} /usr/bin/python3 setup.py develop --prefix /home/lequn/Documents/GitHub/turtlebot3_ros2_ws/install/turtlebot3_example --editable --build-directory /home/lequn/Documents/GitHub/turtlebot3_ros2_ws/build/turtlebot3_example/build --no-deps install_data --install-dir /home/lequn/Documents/GitHub/turtlebot3_ros2_ws/install/turtlebot3_example
