[0.151s] Invoking command in '/home/lequn/Documents/GitHub/turtlebot3_ros2_ws/build/turtlebot3_msgs': CMAKE_PREFIX_PATH=${CMAKE_PREFIX_PATH}:/opt/ros/foxy:/home/lequn/Documents/GitHub/simtech_ros2_ws/install/ros2controlcli:/home/lequn/Documents/GitHub/simtech_ros2_ws/install/ros2_control_test_nodes:/home/lequn/Documents/GitHub/simtech_ros2_ws/install/kuka_rsi_simulator:/home/lequn/Documents/GitHub/simtech_ros2_ws/install/joint_state_publisher_gui:/home/lequn/Documents/GitHub/simtech_ros2_ws/install/joint_state_publisher:/home/lequn/ros2_foxy/install/ros2bag:/home/lequn/ros2_foxy/install/tracetools_launch:/home/lequn/ros2_foxy/install/topic_monitor:/home/lequn/ros2_foxy/install/examples_tf2_py:/home/lequn/ros2_foxy/install/sros2:/home/lequn/ros2_foxy/install/rqt_topic:/home/lequn/ros2_foxy/install/rqt_top:/home/lequn/ros2_foxy/install/rqt_srv:/home/lequn/ros2_foxy/install/rqt_shell:/home/lequn/ros2_foxy/install/rqt_service_caller:/home/lequn/ros2_foxy/install/rqt_reconfigure:/home/lequn/ros2_foxy/install/rqt_py_console:/home/lequn/ros2_foxy/install/rqt_publisher:/home/lequn/ros2_foxy/install/rqt_plot:/home/lequn/ros2_foxy/install/rqt_action:/home/lequn/ros2_foxy/install/rqt_msg:/home/lequn/ros2_foxy/install/rqt:/home/lequn/ros2_foxy/install/rqt_graph:/home/lequn/ros2_foxy/install/rqt_gui_py:/home/lequn/ros2_foxy/install/rqt_gui:/home/lequn/ros2_foxy/install/ros2trace:/home/lequn/ros2_foxy/install/ros2topic:/home/lequn/ros2_foxy/install/ros2test:/home/lequn/ros2_foxy/install/ros2component:/home/lequn/ros2_foxy/install/ros2param:/home/lequn/ros2_foxy/install/ros2lifecycle:/home/lequn/ros2_foxy/install/ros2service:/home/lequn/ros2_foxy/install/ros2run:/home/lequn/ros2_foxy/install/ros2launch:/home/lequn/ros2_foxy/install/ros2pkg:/home/lequn/ros2_foxy/install/ros2node:/home/lequn/ros2_foxy/install/ros2multicast:/home/lequn/ros2_foxy/install/ros2interface:/home/lequn/ros2_foxy/install/ros2doctor:/home/lequn/ros2_foxy/install/ros2action:/home/lequn/ros2_foxy/install/ros2cli:/home/lequn/ros2_foxy/install/quality_of_service_demo_py:/home/lequn/ros2_foxy/install/launch_testing_ros:/home/lequn/ros2_foxy/install/launch_ros:/home/lequn/ros2_foxy/install/examples_rclpy_minimal_subscriber:/home/lequn/ros2_foxy/install/examples_rclpy_minimal_service:/home/lequn/ros2_foxy/install/examples_rclpy_minimal_publisher:/home/lequn/ros2_foxy/install/examples_rclpy_minimal_client:/home/lequn/ros2_foxy/install/examples_rclpy_minimal_action_server:/home/lequn/ros2_foxy/install/examples_rclpy_minimal_action_client:/home/lequn/ros2_foxy/install/examples_rclpy_executors:/home/lequn/ros2_foxy/install/demo_nodes_py:/home/lequn/ros2_foxy/install/action_tutorials_py:/home/lequn/ros2_foxy/install/ament_uncrustify:/home/lequn/ros2_foxy/install/tracetools_trace:/home/lequn/ros2_foxy/install/tracetools_read:/home/lequn/ros2_foxy/install/test_launch_ros:/home/lequn/ros2_foxy/install/sensor_msgs_py:/home/lequn/ros2_foxy/install/rpyutils:/home/lequn/ros2_foxy/install/rosidl_runtime_py:/home/lequn/ros2_foxy/install/launch_yaml:/home/lequn/ros2_foxy/install/launch_xml:/home/lequn/ros2_foxy/install/launch_testing:/home/lequn/ros2_foxy/install/launch:/home/lequn/ros2_foxy/install/osrf_pycommon:/home/lequn/ros2_foxy/install/domain_coordinator:/home/lequn/ros2_foxy/install/ament_xmllint:/home/lequn/ros2_foxy/install/ament_pyflakes:/home/lequn/ros2_foxy/install/ament_pycodestyle:/home/lequn/ros2_foxy/install/ament_pep257:/home/lequn/ros2_foxy/install/ament_pclint:/home/lequn/ros2_foxy/install/ament_package:/home/lequn/ros2_foxy/install/ament_mypy:/home/lequn/ros2_foxy/install/ament_lint_cmake:/home/lequn/ros2_foxy/install/ament_flake8:/home/lequn/ros2_foxy/install/ament_copyright:/home/lequn/ros2_foxy/install/ament_lint:/home/lequn/ros2_foxy/install/ament_index_python:/home/lequn/ros2_foxy/install/ament_cpplint:/home/lequn/ros2_foxy/install/ament_cppcheck:/home/lequn/ros2_foxy/install/ament_clang_tidy:/home/lequn/ros2_foxy/install/ament_clang_format /usr/bin/cmake /home/lequn/Documents/GitHub/turtlebot3_ros2_ws/src/turtlebot3_msgs-foxy-devel -DAMENT_CMAKE_SYMLINK_INSTALL=1 -DCMAKE_INSTALL_PREFIX=/home/lequn/Documents/GitHub/turtlebot3_ros2_ws/install/turtlebot3_msgs
[0.780s] -- The C compiler identification is GNU 9.3.0
[0.780s] -- The CXX compiler identification is GNU 9.3.0
[0.781s] -- Check for working C compiler: /usr/bin/cc
[0.781s] -- Check for working C compiler: /usr/bin/cc -- works
[0.781s] -- Detecting C compiler ABI info
[0.781s] -- Detecting C compiler ABI info - done
[0.781s] -- Detecting C compile features
[0.781s] -- Detecting C compile features - done
[0.781s] -- Check for working CXX compiler: /usr/bin/c++
[0.781s] -- Check for working CXX compiler: /usr/bin/c++ -- works
[0.781s] -- Detecting CXX compiler ABI info
[0.869s] -- Detecting CXX compiler ABI info - done
[0.884s] -- Detecting CXX compile features
[0.884s] -- Detecting CXX compile features - done
[0.889s] -- Found action_msgs: 1.0.0 (/home/lequn/ros2_foxy/install/action_msgs/share/action_msgs/cmake)
[1.291s] -- Found PythonInterp: /usr/bin/python3 (found suitable version "3.8.10", minimum required is "3") 
[1.291s] -- Using PYTHON_EXECUTABLE: /usr/bin/python3
[1.838s] -- Override CMake install command with custom implementation using symlinks instead of copying resources
[2.186s] -- Using all available rosidl_typesupport_c: rosidl_typesupport_fastrtps_c;rosidl_typesupport_introspection_c
[2.213s] -- Found rosidl_adapter: 1.2.1 (/home/lequn/ros2_foxy/install/rosidl_adapter/share/rosidl_adapter/cmake)
[2.467s] -- Found OpenSSL: /usr/lib/x86_64-linux-gnu/libcrypto.so (found version "1.1.1f")  
[2.530s] -- Found FastRTPS: /home/lequn/ros2_foxy/install/fastrtps/include  
[2.778s] -- Using all available rosidl_typesupport_cpp: rosidl_typesupport_fastrtps_cpp;rosidl_typesupport_introspection_cpp
[2.892s] -- Found rosidl_default_generators: 1.0.1 (/home/lequn/ros2_foxy/install/rosidl_default_generators/share/rosidl_default_generators/cmake)
[3.054s] -- Found std_msgs: 2.0.5 (/home/lequn/ros2_foxy/install/std_msgs/share/std_msgs/cmake)
[3.405s] -- Found PythonInterp: /usr/bin/python3 (found version "3.8.10") 
[4.414s] -- Found ament_cmake_cppcheck: 0.9.6 (/home/lequn/ros2_foxy/install/ament_cmake_cppcheck/share/ament_cmake_cppcheck/cmake)
[4.434s] -- Found ament_cmake_cpplint: 0.9.6 (/home/lequn/ros2_foxy/install/ament_cmake_cpplint/share/ament_cmake_cpplint/cmake)
[4.442s] -- Found ament_cmake_uncrustify: 0.9.6 (/home/lequn/ros2_foxy/install/ament_cmake_uncrustify/share/ament_cmake_uncrustify/cmake)
[4.456s] -- Found ament_cmake_ros: 0.9.2 (/home/lequn/ros2_foxy/install/ament_cmake_ros/share/ament_cmake_ros/cmake)
[5.151s] -- Using all available rosidl_typesupport_c: rosidl_typesupport_fastrtps_c;rosidl_typesupport_introspection_c
[5.418s] -- Using all available rosidl_typesupport_cpp: rosidl_typesupport_fastrtps_cpp;rosidl_typesupport_introspection_cpp
[5.842s] -- Found PythonInterp: /usr/bin/python3 (found suitable version "3.8.10", minimum required is "3.5") 
[5.852s] -- Found python_cmake_module: 0.8.1 (/home/lequn/ros2_foxy/install/python_cmake_module/share/python_cmake_module/cmake)
[6.162s] -- Found PythonLibs: /usr/lib/x86_64-linux-gnu/libpython3.8.so (found suitable version "3.8.10", minimum required is "3.5") 
[6.162s] -- Using PYTHON_EXECUTABLE: /usr/bin/python3
[6.162s] -- Using PYTHON_INCLUDE_DIRS: /usr/include/python3.8
[6.162s] -- Using PYTHON_LIBRARIES: /usr/lib/x86_64-linux-gnu/libpython3.8.so
[6.473s] -- Found PythonExtra: .so  
[7.374s] -- Found ament_cmake_flake8: 0.9.6 (/home/lequn/ros2_foxy/install/ament_cmake_flake8/share/ament_cmake_flake8/cmake)
[7.387s] -- Found ament_cmake_pep257: 0.9.6 (/home/lequn/ros2_foxy/install/ament_cmake_pep257/share/ament_cmake_pep257/cmake)
[7.408s] -- Configuring done
[7.481s] -- Generating done
[7.483s] -- Build files have been written to: /home/lequn/Documents/GitHub/turtlebot3_ros2_ws/build/turtlebot3_msgs
[7.496s] Invoked command in '/home/lequn/Documents/GitHub/turtlebot3_ros2_ws/build/turtlebot3_msgs' returned '0': CMAKE_PREFIX_PATH=${CMAKE_PREFIX_PATH}:/opt/ros/foxy:/home/lequn/Documents/GitHub/simtech_ros2_ws/install/ros2controlcli:/home/lequn/Documents/GitHub/simtech_ros2_ws/install/ros2_control_test_nodes:/home/lequn/Documents/GitHub/simtech_ros2_ws/install/kuka_rsi_simulator:/home/lequn/Documents/GitHub/simtech_ros2_ws/install/joint_state_publisher_gui:/home/lequn/Documents/GitHub/simtech_ros2_ws/install/joint_state_publisher:/home/lequn/ros2_foxy/install/ros2bag:/home/lequn/ros2_foxy/install/tracetools_launch:/home/lequn/ros2_foxy/install/topic_monitor:/home/lequn/ros2_foxy/install/examples_tf2_py:/home/lequn/ros2_foxy/install/sros2:/home/lequn/ros2_foxy/install/rqt_topic:/home/lequn/ros2_foxy/install/rqt_top:/home/lequn/ros2_foxy/install/rqt_srv:/home/lequn/ros2_foxy/install/rqt_shell:/home/lequn/ros2_foxy/install/rqt_service_caller:/home/lequn/ros2_foxy/install/rqt_reconfigure:/home/lequn/ros2_foxy/install/rqt_py_console:/home/lequn/ros2_foxy/install/rqt_publisher:/home/lequn/ros2_foxy/install/rqt_plot:/home/lequn/ros2_foxy/install/rqt_action:/home/lequn/ros2_foxy/install/rqt_msg:/home/lequn/ros2_foxy/install/rqt:/home/lequn/ros2_foxy/install/rqt_graph:/home/lequn/ros2_foxy/install/rqt_gui_py:/home/lequn/ros2_foxy/install/rqt_gui:/home/lequn/ros2_foxy/install/ros2trace:/home/lequn/ros2_foxy/install/ros2topic:/home/lequn/ros2_foxy/install/ros2test:/home/lequn/ros2_foxy/install/ros2component:/home/lequn/ros2_foxy/install/ros2param:/home/lequn/ros2_foxy/install/ros2lifecycle:/home/lequn/ros2_foxy/install/ros2service:/home/lequn/ros2_foxy/install/ros2run:/home/lequn/ros2_foxy/install/ros2launch:/home/lequn/ros2_foxy/install/ros2pkg:/home/lequn/ros2_foxy/install/ros2node:/home/lequn/ros2_foxy/install/ros2multicast:/home/lequn/ros2_foxy/install/ros2interface:/home/lequn/ros2_foxy/install/ros2doctor:/home/lequn/ros2_foxy/install/ros2action:/home/lequn/ros2_foxy/install/ros2cli:/home/lequn/ros2_foxy/install/quality_of_service_demo_py:/home/lequn/ros2_foxy/install/launch_testing_ros:/home/lequn/ros2_foxy/install/launch_ros:/home/lequn/ros2_foxy/install/examples_rclpy_minimal_subscriber:/home/lequn/ros2_foxy/install/examples_rclpy_minimal_service:/home/lequn/ros2_foxy/install/examples_rclpy_minimal_publisher:/home/lequn/ros2_foxy/install/examples_rclpy_minimal_client:/home/lequn/ros2_foxy/install/examples_rclpy_minimal_action_server:/home/lequn/ros2_foxy/install/examples_rclpy_minimal_action_client:/home/lequn/ros2_foxy/install/examples_rclpy_executors:/home/lequn/ros2_foxy/install/demo_nodes_py:/home/lequn/ros2_foxy/install/action_tutorials_py:/home/lequn/ros2_foxy/install/ament_uncrustify:/home/lequn/ros2_foxy/install/tracetools_trace:/home/lequn/ros2_foxy/install/tracetools_read:/home/lequn/ros2_foxy/install/test_launch_ros:/home/lequn/ros2_foxy/install/sensor_msgs_py:/home/lequn/ros2_foxy/install/rpyutils:/home/lequn/ros2_foxy/install/rosidl_runtime_py:/home/lequn/ros2_foxy/install/launch_yaml:/home/lequn/ros2_foxy/install/launch_xml:/home/lequn/ros2_foxy/install/launch_testing:/home/lequn/ros2_foxy/install/launch:/home/lequn/ros2_foxy/install/osrf_pycommon:/home/lequn/ros2_foxy/install/domain_coordinator:/home/lequn/ros2_foxy/install/ament_xmllint:/home/lequn/ros2_foxy/install/ament_pyflakes:/home/lequn/ros2_foxy/install/ament_pycodestyle:/home/lequn/ros2_foxy/install/ament_pep257:/home/lequn/ros2_foxy/install/ament_pclint:/home/lequn/ros2_foxy/install/ament_package:/home/lequn/ros2_foxy/install/ament_mypy:/home/lequn/ros2_foxy/install/ament_lint_cmake:/home/lequn/ros2_foxy/install/ament_flake8:/home/lequn/ros2_foxy/install/ament_copyright:/home/lequn/ros2_foxy/install/ament_lint:/home/lequn/ros2_foxy/install/ament_index_python:/home/lequn/ros2_foxy/install/ament_cpplint:/home/lequn/ros2_foxy/install/ament_cppcheck:/home/lequn/ros2_foxy/install/ament_clang_tidy:/home/lequn/ros2_foxy/install/ament_clang_format /usr/bin/cmake /home/lequn/Documents/GitHub/turtlebot3_ros2_ws/src/turtlebot3_msgs-foxy-devel -DAMENT_CMAKE_SYMLINK_INSTALL=1 -DCMAKE_INSTALL_PREFIX=/home/lequn/Documents/GitHub/turtlebot3_ros2_ws/install/turtlebot3_msgs
[7.497s] Invoking command in '/home/lequn/Documents/GitHub/turtlebot3_ros2_ws/build/turtlebot3_msgs': CMAKE_PREFIX_PATH=${CMAKE_PREFIX_PATH}:/opt/ros/foxy:/home/lequn/Documents/GitHub/simtech_ros2_ws/install/ros2controlcli:/home/lequn/Documents/GitHub/simtech_ros2_ws/install/ros2_control_test_nodes:/home/lequn/Documents/GitHub/simtech_ros2_ws/install/kuka_rsi_simulator:/home/lequn/Documents/GitHub/simtech_ros2_ws/install/joint_state_publisher_gui:/home/lequn/Documents/GitHub/simtech_ros2_ws/install/joint_state_publisher:/home/lequn/ros2_foxy/install/ros2bag:/home/lequn/ros2_foxy/install/tracetools_launch:/home/lequn/ros2_foxy/install/topic_monitor:/home/lequn/ros2_foxy/install/examples_tf2_py:/home/lequn/ros2_foxy/install/sros2:/home/lequn/ros2_foxy/install/rqt_topic:/home/lequn/ros2_foxy/install/rqt_top:/home/lequn/ros2_foxy/install/rqt_srv:/home/lequn/ros2_foxy/install/rqt_shell:/home/lequn/ros2_foxy/install/rqt_service_caller:/home/lequn/ros2_foxy/install/rqt_reconfigure:/home/lequn/ros2_foxy/install/rqt_py_console:/home/lequn/ros2_foxy/install/rqt_publisher:/home/lequn/ros2_foxy/install/rqt_plot:/home/lequn/ros2_foxy/install/rqt_action:/home/lequn/ros2_foxy/install/rqt_msg:/home/lequn/ros2_foxy/install/rqt:/home/lequn/ros2_foxy/install/rqt_graph:/home/lequn/ros2_foxy/install/rqt_gui_py:/home/lequn/ros2_foxy/install/rqt_gui:/home/lequn/ros2_foxy/install/ros2trace:/home/lequn/ros2_foxy/install/ros2topic:/home/lequn/ros2_foxy/install/ros2test:/home/lequn/ros2_foxy/install/ros2component:/home/lequn/ros2_foxy/install/ros2param:/home/lequn/ros2_foxy/install/ros2lifecycle:/home/lequn/ros2_foxy/install/ros2service:/home/lequn/ros2_foxy/install/ros2run:/home/lequn/ros2_foxy/install/ros2launch:/home/lequn/ros2_foxy/install/ros2pkg:/home/lequn/ros2_foxy/install/ros2node:/home/lequn/ros2_foxy/install/ros2multicast:/home/lequn/ros2_foxy/install/ros2interface:/home/lequn/ros2_foxy/install/ros2doctor:/home/lequn/ros2_foxy/install/ros2action:/home/lequn/ros2_foxy/install/ros2cli:/home/lequn/ros2_foxy/install/quality_of_service_demo_py:/home/lequn/ros2_foxy/install/launch_testing_ros:/home/lequn/ros2_foxy/install/launch_ros:/home/lequn/ros2_foxy/install/examples_rclpy_minimal_subscriber:/home/lequn/ros2_foxy/install/examples_rclpy_minimal_service:/home/lequn/ros2_foxy/install/examples_rclpy_minimal_publisher:/home/lequn/ros2_foxy/install/examples_rclpy_minimal_client:/home/lequn/ros2_foxy/install/examples_rclpy_minimal_action_server:/home/lequn/ros2_foxy/install/examples_rclpy_minimal_action_client:/home/lequn/ros2_foxy/install/examples_rclpy_executors:/home/lequn/ros2_foxy/install/demo_nodes_py:/home/lequn/ros2_foxy/install/action_tutorials_py:/home/lequn/ros2_foxy/install/ament_uncrustify:/home/lequn/ros2_foxy/install/tracetools_trace:/home/lequn/ros2_foxy/install/tracetools_read:/home/lequn/ros2_foxy/install/test_launch_ros:/home/lequn/ros2_foxy/install/sensor_msgs_py:/home/lequn/ros2_foxy/install/rpyutils:/home/lequn/ros2_foxy/install/rosidl_runtime_py:/home/lequn/ros2_foxy/install/launch_yaml:/home/lequn/ros2_foxy/install/launch_xml:/home/lequn/ros2_foxy/install/launch_testing:/home/lequn/ros2_foxy/install/launch:/home/lequn/ros2_foxy/install/osrf_pycommon:/home/lequn/ros2_foxy/install/domain_coordinator:/home/lequn/ros2_foxy/install/ament_xmllint:/home/lequn/ros2_foxy/install/ament_pyflakes:/home/lequn/ros2_foxy/install/ament_pycodestyle:/home/lequn/ros2_foxy/install/ament_pep257:/home/lequn/ros2_foxy/install/ament_pclint:/home/lequn/ros2_foxy/install/ament_package:/home/lequn/ros2_foxy/install/ament_mypy:/home/lequn/ros2_foxy/install/ament_lint_cmake:/home/lequn/ros2_foxy/install/ament_flake8:/home/lequn/ros2_foxy/install/ament_copyright:/home/lequn/ros2_foxy/install/ament_lint:/home/lequn/ros2_foxy/install/ament_index_python:/home/lequn/ros2_foxy/install/ament_cpplint:/home/lequn/ros2_foxy/install/ament_cppcheck:/home/lequn/ros2_foxy/install/ament_clang_tidy:/home/lequn/ros2_foxy/install/ament_clang_format /usr/bin/cmake --build /home/lequn/Documents/GitHub/turtlebot3_ros2_ws/build/turtlebot3_msgs -- -j16 -l16
[7.590s] [  1%] [34m[1mGenerating C code for ROS interfaces[0m
[7.591s] [35m[1mScanning dependencies of target turtlebot3_msgs__cpp[0m
[7.624s] [  2%] [34m[1mGenerating C++ code for ROS interfaces[0m
[8.866s] [  2%] Built target turtlebot3_msgs__cpp
[8.906s] [  4%] [34m[1mGenerating C++ type support for eProsima Fast-RTPS[0m
[8.910s] [  5%] [34m[1mGenerating C++ type support dispatch for ROS interfaces[0m
[8.922s] [  7%] [34m[1mGenerating C++ introspection for ROS interfaces[0m
[8.948s] [35m[1mScanning dependencies of target turtlebot3_msgs__rosidl_generator_c[0m
[8.982s] [  8%] [32mBuilding C object CMakeFiles/turtlebot3_msgs__rosidl_generator_c.dir/rosidl_generator_c/turtlebot3_msgs/srv/detail/dqn__functions.c.o[0m
[8.987s] [ 11%] [32mBuilding C object CMakeFiles/turtlebot3_msgs__rosidl_generator_c.dir/rosidl_generator_c/turtlebot3_msgs/srv/detail/sound__functions.c.o[0m
[8.987s] [ 11%] [32mBuilding C object CMakeFiles/turtlebot3_msgs__rosidl_generator_c.dir/rosidl_generator_c/turtlebot3_msgs/msg/detail/sensor_state__functions.c.o[0m
[8.987s] [ 12%] [32mBuilding C object CMakeFiles/turtlebot3_msgs__rosidl_generator_c.dir/rosidl_generator_c/turtlebot3_msgs/msg/detail/version_info__functions.c.o[0m
[8.987s] [ 14%] [32mBuilding C object CMakeFiles/turtlebot3_msgs__rosidl_generator_c.dir/rosidl_generator_c/turtlebot3_msgs/msg/detail/sound__functions.c.o[0m
[8.988s] [ 15%] [32mBuilding C object CMakeFiles/turtlebot3_msgs__rosidl_generator_c.dir/rosidl_generator_c/turtlebot3_msgs/action/detail/patrol__functions.c.o[0m
[9.104s] [ 16%] [32m[1mLinking C shared library libturtlebot3_msgs__rosidl_generator_c.so[0m
[9.171s] [ 16%] Built target turtlebot3_msgs__rosidl_generator_c
[9.196s] [ 18%] [34m[1mGenerating C type support dispatch for ROS interfaces[0m
[9.202s] [ 19%] [34m[1mGenerating C introspection for ROS interfaces[0m
[9.875s] [35m[1mScanning dependencies of target turtlebot3_msgs__rosidl_typesupport_cpp[0m
[9.910s] [ 21%] [32mBuilding CXX object CMakeFiles/turtlebot3_msgs__rosidl_typesupport_cpp.dir/rosidl_typesupport_cpp/turtlebot3_msgs/msg/sensor_state__type_support.cpp.o[0m
[9.911s] [ 22%] [32mBuilding CXX object CMakeFiles/turtlebot3_msgs__rosidl_typesupport_cpp.dir/rosidl_typesupport_cpp/turtlebot3_msgs/msg/sound__type_support.cpp.o[0m
[9.916s] [ 23%] [32mBuilding CXX object CMakeFiles/turtlebot3_msgs__rosidl_typesupport_cpp.dir/rosidl_typesupport_cpp/turtlebot3_msgs/msg/version_info__type_support.cpp.o[0m
[9.916s] [ 25%] [32mBuilding CXX object CMakeFiles/turtlebot3_msgs__rosidl_typesupport_cpp.dir/rosidl_typesupport_cpp/turtlebot3_msgs/srv/sound__type_support.cpp.o[0m
[9.917s] [ 26%] [32mBuilding CXX object CMakeFiles/turtlebot3_msgs__rosidl_typesupport_cpp.dir/rosidl_typesupport_cpp/turtlebot3_msgs/action/patrol__type_support.cpp.o[0m
[9.918s] [ 28%] [32mBuilding CXX object CMakeFiles/turtlebot3_msgs__rosidl_typesupport_cpp.dir/rosidl_typesupport_cpp/turtlebot3_msgs/srv/dqn__type_support.cpp.o[0m
[10.081s] [35m[1mScanning dependencies of target turtlebot3_msgs__rosidl_typesupport_introspection_cpp[0m
[10.152s] [ 29%] [32mBuilding CXX object CMakeFiles/turtlebot3_msgs__rosidl_typesupport_introspection_cpp.dir/rosidl_typesupport_introspection_cpp/turtlebot3_msgs/msg/detail/sound__type_support.cpp.o[0m
[10.159s] [ 30%] [32mBuilding CXX object CMakeFiles/turtlebot3_msgs__rosidl_typesupport_introspection_cpp.dir/rosidl_typesupport_introspection_cpp/turtlebot3_msgs/msg/detail/version_info__type_support.cpp.o[0m
[10.161s] [ 32%] [32mBuilding CXX object CMakeFiles/turtlebot3_msgs__rosidl_typesupport_introspection_cpp.dir/rosidl_typesupport_introspection_cpp/turtlebot3_msgs/msg/detail/sensor_state__type_support.cpp.o[0m
[10.179s] [ 33%] [32mBuilding CXX object CMakeFiles/turtlebot3_msgs__rosidl_typesupport_introspection_cpp.dir/rosidl_typesupport_introspection_cpp/turtlebot3_msgs/srv/detail/sound__type_support.cpp.o[0m
[10.227s] [ 35%] [32mBuilding CXX object CMakeFiles/turtlebot3_msgs__rosidl_typesupport_introspection_cpp.dir/rosidl_typesupport_introspection_cpp/turtlebot3_msgs/srv/detail/dqn__type_support.cpp.o[0m
[10.259s] [ 36%] [32mBuilding CXX object CMakeFiles/turtlebot3_msgs__rosidl_typesupport_introspection_cpp.dir/rosidl_typesupport_introspection_cpp/turtlebot3_msgs/action/detail/patrol__type_support.cpp.o[0m
[10.286s] [35m[1mScanning dependencies of target turtlebot3_msgs__rosidl_typesupport_fastrtps_cpp[0m
[10.346s] [ 38%] [32m[1mLinking CXX shared library libturtlebot3_msgs__rosidl_typesupport_cpp.so[0m
[10.349s] [ 39%] [32mBuilding CXX object CMakeFiles/turtlebot3_msgs__rosidl_typesupport_fastrtps_cpp.dir/rosidl_typesupport_fastrtps_cpp/turtlebot3_msgs/msg/detail/dds_fastrtps/sound__type_support.cpp.o[0m
[10.350s] [ 40%] [32mBuilding CXX object CMakeFiles/turtlebot3_msgs__rosidl_typesupport_fastrtps_cpp.dir/rosidl_typesupport_fastrtps_cpp/turtlebot3_msgs/msg/detail/dds_fastrtps/sensor_state__type_support.cpp.o[0m
[10.361s] [ 42%] [32mBuilding CXX object CMakeFiles/turtlebot3_msgs__rosidl_typesupport_fastrtps_cpp.dir/rosidl_typesupport_fastrtps_cpp/turtlebot3_msgs/msg/detail/dds_fastrtps/version_info__type_support.cpp.o[0m
[10.362s] [ 43%] [32mBuilding CXX object CMakeFiles/turtlebot3_msgs__rosidl_typesupport_fastrtps_cpp.dir/rosidl_typesupport_fastrtps_cpp/turtlebot3_msgs/srv/detail/dds_fastrtps/sound__type_support.cpp.o[0m
[10.372s] [ 45%] [32mBuilding CXX object CMakeFiles/turtlebot3_msgs__rosidl_typesupport_fastrtps_cpp.dir/rosidl_typesupport_fastrtps_cpp/turtlebot3_msgs/srv/detail/dds_fastrtps/dqn__type_support.cpp.o[0m
[10.381s] [ 46%] [32mBuilding CXX object CMakeFiles/turtlebot3_msgs__rosidl_typesupport_fastrtps_cpp.dir/rosidl_typesupport_fastrtps_cpp/turtlebot3_msgs/action/detail/dds_fastrtps/patrol__type_support.cpp.o[0m
[10.383s] [35m[1mScanning dependencies of target turtlebot3_msgs__rosidl_typesupport_c[0m
[10.463s] [ 47%] [32mBuilding CXX object CMakeFiles/turtlebot3_msgs__rosidl_typesupport_c.dir/rosidl_typesupport_c/turtlebot3_msgs/msg/sensor_state__type_support.cpp.o[0m
[10.476s] [ 49%] [32mBuilding CXX object CMakeFiles/turtlebot3_msgs__rosidl_typesupport_c.dir/rosidl_typesupport_c/turtlebot3_msgs/msg/sound__type_support.cpp.o[0m
[10.522s] [ 49%] Built target turtlebot3_msgs__rosidl_typesupport_cpp
[10.560s] [ 50%] [32mBuilding CXX object CMakeFiles/turtlebot3_msgs__rosidl_typesupport_c.dir/rosidl_typesupport_c/turtlebot3_msgs/msg/version_info__type_support.cpp.o[0m
[10.604s] [ 52%] [32mBuilding CXX object CMakeFiles/turtlebot3_msgs__rosidl_typesupport_c.dir/rosidl_typesupport_c/turtlebot3_msgs/srv/sound__type_support.cpp.o[0m
[10.611s] [ 53%] [32mBuilding CXX object CMakeFiles/turtlebot3_msgs__rosidl_typesupport_c.dir/rosidl_typesupport_c/turtlebot3_msgs/srv/dqn__type_support.cpp.o[0m
[10.618s] [ 54%] [32mBuilding CXX object CMakeFiles/turtlebot3_msgs__rosidl_typesupport_c.dir/rosidl_typesupport_c/turtlebot3_msgs/action/patrol__type_support.cpp.o[0m
[10.703s] [35m[1mScanning dependencies of target turtlebot3_msgs__rosidl_typesupport_introspection_c[0m
[10.733s] [ 57%] [32m[1mLinking CXX shared library libturtlebot3_msgs__rosidl_typesupport_c.so[0m
[10.733s] [ 57%] [32m[1mLinking CXX shared library libturtlebot3_msgs__rosidl_typesupport_introspection_cpp.so[0m
[10.753s] [ 60%] [32mBuilding C object CMakeFiles/turtlebot3_msgs__rosidl_typesupport_introspection_c.dir/rosidl_typesupport_introspection_c/turtlebot3_msgs/msg/detail/sensor_state__type_support.c.o[0m
[10.753s] [ 60%] [32mBuilding C object CMakeFiles/turtlebot3_msgs__rosidl_typesupport_introspection_c.dir/rosidl_typesupport_introspection_c/turtlebot3_msgs/msg/detail/sound__type_support.c.o[0m
[10.761s] [ 61%] [32mBuilding C object CMakeFiles/turtlebot3_msgs__rosidl_typesupport_introspection_c.dir/rosidl_typesupport_introspection_c/turtlebot3_msgs/srv/detail/sound__type_support.c.o[0m
[10.763s] [ 64%] [32mBuilding C object CMakeFiles/turtlebot3_msgs__rosidl_typesupport_introspection_c.dir/rosidl_typesupport_introspection_c/turtlebot3_msgs/action/detail/patrol__type_support.c.o[0m
[10.763s] [ 64%] [32mBuilding C object CMakeFiles/turtlebot3_msgs__rosidl_typesupport_introspection_c.dir/rosidl_typesupport_introspection_c/turtlebot3_msgs/srv/detail/dqn__type_support.c.o[0m
[10.770s] [ 66%] [32mBuilding C object CMakeFiles/turtlebot3_msgs__rosidl_typesupport_introspection_c.dir/rosidl_typesupport_introspection_c/turtlebot3_msgs/msg/detail/version_info__type_support.c.o[0m
[10.881s] [ 67%] [32m[1mLinking C shared library libturtlebot3_msgs__rosidl_typesupport_introspection_c.so[0m
[10.884s] [ 67%] Built target turtlebot3_msgs__rosidl_typesupport_c
[10.902s] [ 67%] Built target turtlebot3_msgs__rosidl_typesupport_introspection_cpp
[10.949s] [ 67%] Built target turtlebot3_msgs__rosidl_typesupport_introspection_c
[11.015s] [ 69%] [32m[1mLinking CXX shared library libturtlebot3_msgs__rosidl_typesupport_fastrtps_cpp.so[0m
[11.121s] [ 69%] Built target turtlebot3_msgs__rosidl_typesupport_fastrtps_cpp
[11.145s] [ 70%] [34m[1mGenerating C type support for eProsima Fast-RTPS[0m
[12.086s] [35m[1mScanning dependencies of target turtlebot3_msgs__rosidl_typesupport_fastrtps_c[0m
[12.130s] [ 71%] [32mBuilding CXX object CMakeFiles/turtlebot3_msgs__rosidl_typesupport_fastrtps_c.dir/rosidl_typesupport_fastrtps_c/turtlebot3_msgs/msg/detail/version_info__type_support_c.cpp.o[0m
[12.132s] [ 73%] [32mBuilding CXX object CMakeFiles/turtlebot3_msgs__rosidl_typesupport_fastrtps_c.dir/rosidl_typesupport_fastrtps_c/turtlebot3_msgs/msg/detail/sensor_state__type_support_c.cpp.o[0m
[12.134s] [ 74%] [32mBuilding CXX object CMakeFiles/turtlebot3_msgs__rosidl_typesupport_fastrtps_c.dir/rosidl_typesupport_fastrtps_c/turtlebot3_msgs/msg/detail/sound__type_support_c.cpp.o[0m
[12.135s] [ 76%] [32mBuilding CXX object CMakeFiles/turtlebot3_msgs__rosidl_typesupport_fastrtps_c.dir/rosidl_typesupport_fastrtps_c/turtlebot3_msgs/action/detail/patrol__type_support_c.cpp.o[0m
[12.138s] [ 77%] [32mBuilding CXX object CMakeFiles/turtlebot3_msgs__rosidl_typesupport_fastrtps_c.dir/rosidl_typesupport_fastrtps_c/turtlebot3_msgs/srv/detail/dqn__type_support_c.cpp.o[0m
[12.140s] [ 78%] [32mBuilding CXX object CMakeFiles/turtlebot3_msgs__rosidl_typesupport_fastrtps_c.dir/rosidl_typesupport_fastrtps_c/turtlebot3_msgs/srv/detail/sound__type_support_c.cpp.o[0m
[12.589s] [ 80%] [32m[1mLinking CXX shared library libturtlebot3_msgs__rosidl_typesupport_fastrtps_c.so[0m
[12.707s] [ 80%] Built target turtlebot3_msgs__rosidl_typesupport_fastrtps_c
[12.731s] [35m[1mScanning dependencies of target turtlebot3_msgs[0m
[12.760s] [ 80%] Built target turtlebot3_msgs
[12.786s] [35m[1mScanning dependencies of target turtlebot3_msgs__py[0m
[12.816s] [ 81%] [34m[1mGenerating Python code for ROS interfaces[0m
[14.608s] [ 81%] Built target turtlebot3_msgs__py
[14.633s] [35m[1mScanning dependencies of target turtlebot3_msgs__python[0m
[14.685s] [ 83%] [32mBuilding C object CMakeFiles/turtlebot3_msgs__python.dir/rosidl_generator_py/turtlebot3_msgs/msg/_sensor_state_s.c.o[0m
[14.685s] [ 84%] [32mBuilding C object CMakeFiles/turtlebot3_msgs__python.dir/rosidl_generator_py/turtlebot3_msgs/srv/_sound_s.c.o[0m
[14.685s] [ 85%] [32mBuilding C object CMakeFiles/turtlebot3_msgs__python.dir/rosidl_generator_py/turtlebot3_msgs/msg/_version_info_s.c.o[0m
[14.685s] [ 87%] [32mBuilding C object CMakeFiles/turtlebot3_msgs__python.dir/rosidl_generator_py/turtlebot3_msgs/msg/_sound_s.c.o[0m
[14.686s] [ 88%] [32mBuilding C object CMakeFiles/turtlebot3_msgs__python.dir/rosidl_generator_py/turtlebot3_msgs/srv/_dqn_s.c.o[0m
[14.688s] [ 90%] [32mBuilding C object CMakeFiles/turtlebot3_msgs__python.dir/rosidl_generator_py/turtlebot3_msgs/action/_patrol_s.c.o[0m
[14.868s] [ 91%] [32m[1mLinking C shared library rosidl_generator_py/turtlebot3_msgs/libturtlebot3_msgs__python.so[0m
[14.945s] [ 91%] Built target turtlebot3_msgs__python
[14.968s] [35m[1mScanning dependencies of target turtlebot3_msgs__rosidl_typesupport_introspection_c__pyext[0m
[14.969s] [35m[1mScanning dependencies of target turtlebot3_msgs__rosidl_typesupport_fastrtps_c__pyext[0m
[14.969s] [35m[1mScanning dependencies of target turtlebot3_msgs__rosidl_typesupport_c__pyext[0m
[15.005s] [ 92%] [32mBuilding C object CMakeFiles/turtlebot3_msgs__rosidl_typesupport_c__pyext.dir/rosidl_generator_py/turtlebot3_msgs/_turtlebot3_msgs_s.ep.rosidl_typesupport_c.c.o[0m
[15.005s] [ 94%] [32mBuilding C object CMakeFiles/turtlebot3_msgs__rosidl_typesupport_fastrtps_c__pyext.dir/rosidl_generator_py/turtlebot3_msgs/_turtlebot3_msgs_s.ep.rosidl_typesupport_fastrtps_c.c.o[0m
[15.015s] [ 95%] [32mBuilding C object CMakeFiles/turtlebot3_msgs__rosidl_typesupport_introspection_c__pyext.dir/rosidl_generator_py/turtlebot3_msgs/_turtlebot3_msgs_s.ep.rosidl_typesupport_introspection_c.c.o[0m
[15.139s] [ 97%] [32m[1mLinking C shared library rosidl_generator_py/turtlebot3_msgs/turtlebot3_msgs_s__rosidl_typesupport_c.cpython-38-x86_64-linux-gnu.so[0m
[15.146s] [ 98%] [32m[1mLinking CXX shared library rosidl_generator_py/turtlebot3_msgs/turtlebot3_msgs_s__rosidl_typesupport_fastrtps_c.cpython-38-x86_64-linux-gnu.so[0m
[15.148s] [100%] [32m[1mLinking C shared library rosidl_generator_py/turtlebot3_msgs/turtlebot3_msgs_s__rosidl_typesupport_introspection_c.cpython-38-x86_64-linux-gnu.so[0m
[15.212s] [100%] Built target turtlebot3_msgs__rosidl_typesupport_introspection_c__pyext
[15.215s] [100%] Built target turtlebot3_msgs__rosidl_typesupport_c__pyext
[15.243s] [100%] Built target turtlebot3_msgs__rosidl_typesupport_fastrtps_c__pyext
[15.266s] Invoked command in '/home/lequn/Documents/GitHub/turtlebot3_ros2_ws/build/turtlebot3_msgs' returned '0': CMAKE_PREFIX_PATH=${CMAKE_PREFIX_PATH}:/opt/ros/foxy:/home/lequn/Documents/GitHub/simtech_ros2_ws/install/ros2controlcli:/home/lequn/Documents/GitHub/simtech_ros2_ws/install/ros2_control_test_nodes:/home/lequn/Documents/GitHub/simtech_ros2_ws/install/kuka_rsi_simulator:/home/lequn/Documents/GitHub/simtech_ros2_ws/install/joint_state_publisher_gui:/home/lequn/Documents/GitHub/simtech_ros2_ws/install/joint_state_publisher:/home/lequn/ros2_foxy/install/ros2bag:/home/lequn/ros2_foxy/install/tracetools_launch:/home/lequn/ros2_foxy/install/topic_monitor:/home/lequn/ros2_foxy/install/examples_tf2_py:/home/lequn/ros2_foxy/install/sros2:/home/lequn/ros2_foxy/install/rqt_topic:/home/lequn/ros2_foxy/install/rqt_top:/home/lequn/ros2_foxy/install/rqt_srv:/home/lequn/ros2_foxy/install/rqt_shell:/home/lequn/ros2_foxy/install/rqt_service_caller:/home/lequn/ros2_foxy/install/rqt_reconfigure:/home/lequn/ros2_foxy/install/rqt_py_console:/home/lequn/ros2_foxy/install/rqt_publisher:/home/lequn/ros2_foxy/install/rqt_plot:/home/lequn/ros2_foxy/install/rqt_action:/home/lequn/ros2_foxy/install/rqt_msg:/home/lequn/ros2_foxy/install/rqt:/home/lequn/ros2_foxy/install/rqt_graph:/home/lequn/ros2_foxy/install/rqt_gui_py:/home/lequn/ros2_foxy/install/rqt_gui:/home/lequn/ros2_foxy/install/ros2trace:/home/lequn/ros2_foxy/install/ros2topic:/home/lequn/ros2_foxy/install/ros2test:/home/lequn/ros2_foxy/install/ros2component:/home/lequn/ros2_foxy/install/ros2param:/home/lequn/ros2_foxy/install/ros2lifecycle:/home/lequn/ros2_foxy/install/ros2service:/home/lequn/ros2_foxy/install/ros2run:/home/lequn/ros2_foxy/install/ros2launch:/home/lequn/ros2_foxy/install/ros2pkg:/home/lequn/ros2_foxy/install/ros2node:/home/lequn/ros2_foxy/install/ros2multicast:/home/lequn/ros2_foxy/install/ros2interface:/home/lequn/ros2_foxy/install/ros2doctor:/home/lequn/ros2_foxy/install/ros2action:/home/lequn/ros2_foxy/install/ros2cli:/home/lequn/ros2_foxy/install/quality_of_service_demo_py:/home/lequn/ros2_foxy/install/launch_testing_ros:/home/lequn/ros2_foxy/install/launch_ros:/home/lequn/ros2_foxy/install/examples_rclpy_minimal_subscriber:/home/lequn/ros2_foxy/install/examples_rclpy_minimal_service:/home/lequn/ros2_foxy/install/examples_rclpy_minimal_publisher:/home/lequn/ros2_foxy/install/examples_rclpy_minimal_client:/home/lequn/ros2_foxy/install/examples_rclpy_minimal_action_server:/home/lequn/ros2_foxy/install/examples_rclpy_minimal_action_client:/home/lequn/ros2_foxy/install/examples_rclpy_executors:/home/lequn/ros2_foxy/install/demo_nodes_py:/home/lequn/ros2_foxy/install/action_tutorials_py:/home/lequn/ros2_foxy/install/ament_uncrustify:/home/lequn/ros2_foxy/install/tracetools_trace:/home/lequn/ros2_foxy/install/tracetools_read:/home/lequn/ros2_foxy/install/test_launch_ros:/home/lequn/ros2_foxy/install/sensor_msgs_py:/home/lequn/ros2_foxy/install/rpyutils:/home/lequn/ros2_foxy/install/rosidl_runtime_py:/home/lequn/ros2_foxy/install/launch_yaml:/home/lequn/ros2_foxy/install/launch_xml:/home/lequn/ros2_foxy/install/launch_testing:/home/lequn/ros2_foxy/install/launch:/home/lequn/ros2_foxy/install/osrf_pycommon:/home/lequn/ros2_foxy/install/domain_coordinator:/home/lequn/ros2_foxy/install/ament_xmllint:/home/lequn/ros2_foxy/install/ament_pyflakes:/home/lequn/ros2_foxy/install/ament_pycodestyle:/home/lequn/ros2_foxy/install/ament_pep257:/home/lequn/ros2_foxy/install/ament_pclint:/home/lequn/ros2_foxy/install/ament_package:/home/lequn/ros2_foxy/install/ament_mypy:/home/lequn/ros2_foxy/install/ament_lint_cmake:/home/lequn/ros2_foxy/install/ament_flake8:/home/lequn/ros2_foxy/install/ament_copyright:/home/lequn/ros2_foxy/install/ament_lint:/home/lequn/ros2_foxy/install/ament_index_python:/home/lequn/ros2_foxy/install/ament_cpplint:/home/lequn/ros2_foxy/install/ament_cppcheck:/home/lequn/ros2_foxy/install/ament_clang_tidy:/home/lequn/ros2_foxy/install/ament_clang_format /usr/bin/cmake --build /home/lequn/Documents/GitHub/turtlebot3_ros2_ws/build/turtlebot3_msgs -- -j16 -l16
[15.875s] Invoking command in '/home/lequn/Documents/GitHub/turtlebot3_ros2_ws/build/turtlebot3_msgs': CMAKE_PREFIX_PATH=${CMAKE_PREFIX_PATH}:/opt/ros/foxy:/home/lequn/Documents/GitHub/simtech_ros2_ws/install/ros2controlcli:/home/lequn/Documents/GitHub/simtech_ros2_ws/install/ros2_control_test_nodes:/home/lequn/Documents/GitHub/simtech_ros2_ws/install/kuka_rsi_simulator:/home/lequn/Documents/GitHub/simtech_ros2_ws/install/joint_state_publisher_gui:/home/lequn/Documents/GitHub/simtech_ros2_ws/install/joint_state_publisher:/home/lequn/ros2_foxy/install/ros2bag:/home/lequn/ros2_foxy/install/tracetools_launch:/home/lequn/ros2_foxy/install/topic_monitor:/home/lequn/ros2_foxy/install/examples_tf2_py:/home/lequn/ros2_foxy/install/sros2:/home/lequn/ros2_foxy/install/rqt_topic:/home/lequn/ros2_foxy/install/rqt_top:/home/lequn/ros2_foxy/install/rqt_srv:/home/lequn/ros2_foxy/install/rqt_shell:/home/lequn/ros2_foxy/install/rqt_service_caller:/home/lequn/ros2_foxy/install/rqt_reconfigure:/home/lequn/ros2_foxy/install/rqt_py_console:/home/lequn/ros2_foxy/install/rqt_publisher:/home/lequn/ros2_foxy/install/rqt_plot:/home/lequn/ros2_foxy/install/rqt_action:/home/lequn/ros2_foxy/install/rqt_msg:/home/lequn/ros2_foxy/install/rqt:/home/lequn/ros2_foxy/install/rqt_graph:/home/lequn/ros2_foxy/install/rqt_gui_py:/home/lequn/ros2_foxy/install/rqt_gui:/home/lequn/ros2_foxy/install/ros2trace:/home/lequn/ros2_foxy/install/ros2topic:/home/lequn/ros2_foxy/install/ros2test:/home/lequn/ros2_foxy/install/ros2component:/home/lequn/ros2_foxy/install/ros2param:/home/lequn/ros2_foxy/install/ros2lifecycle:/home/lequn/ros2_foxy/install/ros2service:/home/lequn/ros2_foxy/install/ros2run:/home/lequn/ros2_foxy/install/ros2launch:/home/lequn/ros2_foxy/install/ros2pkg:/home/lequn/ros2_foxy/install/ros2node:/home/lequn/ros2_foxy/install/ros2multicast:/home/lequn/ros2_foxy/install/ros2interface:/home/lequn/ros2_foxy/install/ros2doctor:/home/lequn/ros2_foxy/install/ros2action:/home/lequn/ros2_foxy/install/ros2cli:/home/lequn/ros2_foxy/install/quality_of_service_demo_py:/home/lequn/ros2_foxy/install/launch_testing_ros:/home/lequn/ros2_foxy/install/launch_ros:/home/lequn/ros2_foxy/install/examples_rclpy_minimal_subscriber:/home/lequn/ros2_foxy/install/examples_rclpy_minimal_service:/home/lequn/ros2_foxy/install/examples_rclpy_minimal_publisher:/home/lequn/ros2_foxy/install/examples_rclpy_minimal_client:/home/lequn/ros2_foxy/install/examples_rclpy_minimal_action_server:/home/lequn/ros2_foxy/install/examples_rclpy_minimal_action_client:/home/lequn/ros2_foxy/install/examples_rclpy_executors:/home/lequn/ros2_foxy/install/demo_nodes_py:/home/lequn/ros2_foxy/install/action_tutorials_py:/home/lequn/ros2_foxy/install/ament_uncrustify:/home/lequn/ros2_foxy/install/tracetools_trace:/home/lequn/ros2_foxy/install/tracetools_read:/home/lequn/ros2_foxy/install/test_launch_ros:/home/lequn/ros2_foxy/install/sensor_msgs_py:/home/lequn/ros2_foxy/install/rpyutils:/home/lequn/ros2_foxy/install/rosidl_runtime_py:/home/lequn/ros2_foxy/install/launch_yaml:/home/lequn/ros2_foxy/install/launch_xml:/home/lequn/ros2_foxy/install/launch_testing:/home/lequn/ros2_foxy/install/launch:/home/lequn/ros2_foxy/install/osrf_pycommon:/home/lequn/ros2_foxy/install/domain_coordinator:/home/lequn/ros2_foxy/install/ament_xmllint:/home/lequn/ros2_foxy/install/ament_pyflakes:/home/lequn/ros2_foxy/install/ament_pycodestyle:/home/lequn/ros2_foxy/install/ament_pep257:/home/lequn/ros2_foxy/install/ament_pclint:/home/lequn/ros2_foxy/install/ament_package:/home/lequn/ros2_foxy/install/ament_mypy:/home/lequn/ros2_foxy/install/ament_lint_cmake:/home/lequn/ros2_foxy/install/ament_flake8:/home/lequn/ros2_foxy/install/ament_copyright:/home/lequn/ros2_foxy/install/ament_lint:/home/lequn/ros2_foxy/install/ament_index_python:/home/lequn/ros2_foxy/install/ament_cpplint:/home/lequn/ros2_foxy/install/ament_cppcheck:/home/lequn/ros2_foxy/install/ament_clang_tidy:/home/lequn/ros2_foxy/install/ament_clang_format /usr/bin/cmake --install /home/lequn/Documents/GitHub/turtlebot3_ros2_ws/build/turtlebot3_msgs
[15.894s] -- Install configuration: ""
[15.895s] -- Execute custom install script
[15.895s] -- Symlinking: /home/lequn/Documents/GitHub/turtlebot3_ros2_ws/install/turtlebot3_msgs/share/ament_index/resource_index/rosidl_interfaces/turtlebot3_msgs
[15.915s] -- Symlinking: /home/lequn/Documents/GitHub/turtlebot3_ros2_ws/install/turtlebot3_msgs/include/turtlebot3_msgs/action/detail/patrol__functions.h
[15.936s] -- Symlinking: /home/lequn/Documents/GitHub/turtlebot3_ros2_ws/install/turtlebot3_msgs/include/turtlebot3_msgs/action/detail/patrol__struct.h
[15.955s] -- Symlinking: /home/lequn/Documents/GitHub/turtlebot3_ros2_ws/install/turtlebot3_msgs/include/turtlebot3_msgs/action/detail/patrol__type_support.h
[15.975s] -- Symlinking: /home/lequn/Documents/GitHub/turtlebot3_ros2_ws/install/turtlebot3_msgs/include/turtlebot3_msgs/action/patrol.h
[15.994s] -- Symlinking: /home/lequn/Documents/GitHub/turtlebot3_ros2_ws/install/turtlebot3_msgs/include/turtlebot3_msgs/msg/detail/sensor_state__functions.h
[16.013s] -- Symlinking: /home/lequn/Documents/GitHub/turtlebot3_ros2_ws/install/turtlebot3_msgs/include/turtlebot3_msgs/msg/detail/sensor_state__struct.h
[16.031s] -- Symlinking: /home/lequn/Documents/GitHub/turtlebot3_ros2_ws/install/turtlebot3_msgs/include/turtlebot3_msgs/msg/detail/sensor_state__type_support.h
[16.052s] -- Symlinking: /home/lequn/Documents/GitHub/turtlebot3_ros2_ws/install/turtlebot3_msgs/include/turtlebot3_msgs/msg/detail/sound__functions.h
[16.070s] -- Symlinking: /home/lequn/Documents/GitHub/turtlebot3_ros2_ws/install/turtlebot3_msgs/include/turtlebot3_msgs/msg/detail/sound__struct.h
[16.088s] -- Symlinking: /home/lequn/Documents/GitHub/turtlebot3_ros2_ws/install/turtlebot3_msgs/include/turtlebot3_msgs/msg/detail/sound__type_support.h
[16.107s] -- Symlinking: /home/lequn/Documents/GitHub/turtlebot3_ros2_ws/install/turtlebot3_msgs/include/turtlebot3_msgs/msg/detail/version_info__functions.h
[16.126s] -- Symlinking: /home/lequn/Documents/GitHub/turtlebot3_ros2_ws/install/turtlebot3_msgs/include/turtlebot3_msgs/msg/detail/version_info__struct.h
[16.144s] -- Symlinking: /home/lequn/Documents/GitHub/turtlebot3_ros2_ws/install/turtlebot3_msgs/include/turtlebot3_msgs/msg/detail/version_info__type_support.h
[16.162s] -- Symlinking: /home/lequn/Documents/GitHub/turtlebot3_ros2_ws/install/turtlebot3_msgs/include/turtlebot3_msgs/msg/rosidl_generator_c__visibility_control.h
[16.180s] -- Symlinking: /home/lequn/Documents/GitHub/turtlebot3_ros2_ws/install/turtlebot3_msgs/include/turtlebot3_msgs/msg/sensor_state.h
[16.198s] -- Symlinking: /home/lequn/Documents/GitHub/turtlebot3_ros2_ws/install/turtlebot3_msgs/include/turtlebot3_msgs/msg/sound.h
[16.218s] -- Symlinking: /home/lequn/Documents/GitHub/turtlebot3_ros2_ws/install/turtlebot3_msgs/include/turtlebot3_msgs/msg/version_info.h
[16.236s] -- Symlinking: /home/lequn/Documents/GitHub/turtlebot3_ros2_ws/install/turtlebot3_msgs/include/turtlebot3_msgs/srv/detail/dqn__functions.h
[16.253s] -- Symlinking: /home/lequn/Documents/GitHub/turtlebot3_ros2_ws/install/turtlebot3_msgs/include/turtlebot3_msgs/srv/detail/dqn__struct.h
[16.270s] -- Symlinking: /home/lequn/Documents/GitHub/turtlebot3_ros2_ws/install/turtlebot3_msgs/include/turtlebot3_msgs/srv/detail/dqn__type_support.h
[16.291s] -- Symlinking: /home/lequn/Documents/GitHub/turtlebot3_ros2_ws/install/turtlebot3_msgs/include/turtlebot3_msgs/srv/detail/sound__functions.h
[16.310s] -- Symlinking: /home/lequn/Documents/GitHub/turtlebot3_ros2_ws/install/turtlebot3_msgs/include/turtlebot3_msgs/srv/detail/sound__struct.h
[16.328s] -- Symlinking: /home/lequn/Documents/GitHub/turtlebot3_ros2_ws/install/turtlebot3_msgs/include/turtlebot3_msgs/srv/detail/sound__type_support.h
[16.345s] -- Symlinking: /home/lequn/Documents/GitHub/turtlebot3_ros2_ws/install/turtlebot3_msgs/include/turtlebot3_msgs/srv/dqn.h
[16.362s] -- Symlinking: /home/lequn/Documents/GitHub/turtlebot3_ros2_ws/install/turtlebot3_msgs/include/turtlebot3_msgs/srv/sound.h
[16.379s] -- Symlinking: /home/lequn/Documents/GitHub/turtlebot3_ros2_ws/install/turtlebot3_msgs/share/turtlebot3_msgs/environment/library_path.sh
[16.396s] -- Symlinking: /home/lequn/Documents/GitHub/turtlebot3_ros2_ws/install/turtlebot3_msgs/share/turtlebot3_msgs/environment/library_path.dsv
[16.419s] -- Symlinking: /home/lequn/Documents/GitHub/turtlebot3_ros2_ws/install/turtlebot3_msgs/include/turtlebot3_msgs/action/detail/patrol__rosidl_typesupport_fastrtps_c.h
[16.437s] -- Symlinking: /home/lequn/Documents/GitHub/turtlebot3_ros2_ws/install/turtlebot3_msgs/include/turtlebot3_msgs/msg/detail/sensor_state__rosidl_typesupport_fastrtps_c.h
[16.455s] -- Symlinking: /home/lequn/Documents/GitHub/turtlebot3_ros2_ws/install/turtlebot3_msgs/include/turtlebot3_msgs/msg/detail/sound__rosidl_typesupport_fastrtps_c.h
[16.483s] -- Symlinking: /home/lequn/Documents/GitHub/turtlebot3_ros2_ws/install/turtlebot3_msgs/include/turtlebot3_msgs/msg/detail/version_info__rosidl_typesupport_fastrtps_c.h
[16.500s] -- Symlinking: /home/lequn/Documents/GitHub/turtlebot3_ros2_ws/install/turtlebot3_msgs/include/turtlebot3_msgs/msg/rosidl_typesupport_fastrtps_c__visibility_control.h
[16.518s] -- Symlinking: /home/lequn/Documents/GitHub/turtlebot3_ros2_ws/install/turtlebot3_msgs/include/turtlebot3_msgs/srv/detail/dqn__rosidl_typesupport_fastrtps_c.h
[16.536s] -- Symlinking: /home/lequn/Documents/GitHub/turtlebot3_ros2_ws/install/turtlebot3_msgs/include/turtlebot3_msgs/srv/detail/sound__rosidl_typesupport_fastrtps_c.h
[16.554s] -- Symlinking: /home/lequn/Documents/GitHub/turtlebot3_ros2_ws/install/turtlebot3_msgs/lib/libturtlebot3_msgs__rosidl_typesupport_fastrtps_c.so
[16.572s] -- Symlinking: /home/lequn/Documents/GitHub/turtlebot3_ros2_ws/install/turtlebot3_msgs/include/turtlebot3_msgs/action/detail/patrol__rosidl_typesupport_fastrtps_cpp.hpp
[16.591s] -- Symlinking: /home/lequn/Documents/GitHub/turtlebot3_ros2_ws/install/turtlebot3_msgs/include/turtlebot3_msgs/msg/detail/sensor_state__rosidl_typesupport_fastrtps_cpp.hpp
[16.608s] -- Symlinking: /home/lequn/Documents/GitHub/turtlebot3_ros2_ws/install/turtlebot3_msgs/include/turtlebot3_msgs/msg/detail/sound__rosidl_typesupport_fastrtps_cpp.hpp
[16.626s] -- Symlinking: /home/lequn/Documents/GitHub/turtlebot3_ros2_ws/install/turtlebot3_msgs/include/turtlebot3_msgs/msg/detail/version_info__rosidl_typesupport_fastrtps_cpp.hpp
[16.646s] -- Symlinking: /home/lequn/Documents/GitHub/turtlebot3_ros2_ws/install/turtlebot3_msgs/include/turtlebot3_msgs/msg/rosidl_typesupport_fastrtps_cpp__visibility_control.h
[16.663s] -- Symlinking: /home/lequn/Documents/GitHub/turtlebot3_ros2_ws/install/turtlebot3_msgs/include/turtlebot3_msgs/srv/detail/dqn__rosidl_typesupport_fastrtps_cpp.hpp
[16.680s] -- Symlinking: /home/lequn/Documents/GitHub/turtlebot3_ros2_ws/install/turtlebot3_msgs/include/turtlebot3_msgs/srv/detail/sound__rosidl_typesupport_fastrtps_cpp.hpp
[16.699s] -- Symlinking: /home/lequn/Documents/GitHub/turtlebot3_ros2_ws/install/turtlebot3_msgs/lib/libturtlebot3_msgs__rosidl_typesupport_fastrtps_cpp.so
[16.717s] -- Symlinking: /home/lequn/Documents/GitHub/turtlebot3_ros2_ws/install/turtlebot3_msgs/include/turtlebot3_msgs/action/detail/patrol__rosidl_typesupport_introspection_c.h
[16.737s] -- Symlinking: /home/lequn/Documents/GitHub/turtlebot3_ros2_ws/install/turtlebot3_msgs/include/turtlebot3_msgs/msg/detail/sensor_state__rosidl_typesupport_introspection_c.h
[16.755s] -- Symlinking: /home/lequn/Documents/GitHub/turtlebot3_ros2_ws/install/turtlebot3_msgs/include/turtlebot3_msgs/msg/detail/sound__rosidl_typesupport_introspection_c.h
[16.775s] -- Symlinking: /home/lequn/Documents/GitHub/turtlebot3_ros2_ws/install/turtlebot3_msgs/include/turtlebot3_msgs/msg/detail/version_info__rosidl_typesupport_introspection_c.h
[16.793s] -- Symlinking: /home/lequn/Documents/GitHub/turtlebot3_ros2_ws/install/turtlebot3_msgs/include/turtlebot3_msgs/msg/rosidl_typesupport_introspection_c__visibility_control.h
[16.822s] -- Symlinking: /home/lequn/Documents/GitHub/turtlebot3_ros2_ws/install/turtlebot3_msgs/include/turtlebot3_msgs/srv/detail/dqn__rosidl_typesupport_introspection_c.h
[16.840s] -- Symlinking: /home/lequn/Documents/GitHub/turtlebot3_ros2_ws/install/turtlebot3_msgs/include/turtlebot3_msgs/srv/detail/sound__rosidl_typesupport_introspection_c.h
[16.860s] -- Symlinking: /home/lequn/Documents/GitHub/turtlebot3_ros2_ws/install/turtlebot3_msgs/include/turtlebot3_msgs/action/detail/patrol__builder.hpp
[16.877s] -- Symlinking: /home/lequn/Documents/GitHub/turtlebot3_ros2_ws/install/turtlebot3_msgs/include/turtlebot3_msgs/action/detail/patrol__struct.hpp
[16.895s] -- Symlinking: /home/lequn/Documents/GitHub/turtlebot3_ros2_ws/install/turtlebot3_msgs/include/turtlebot3_msgs/action/detail/patrol__traits.hpp
[16.913s] -- Symlinking: /home/lequn/Documents/GitHub/turtlebot3_ros2_ws/install/turtlebot3_msgs/include/turtlebot3_msgs/action/patrol.hpp
[16.932s] -- Symlinking: /home/lequn/Documents/GitHub/turtlebot3_ros2_ws/install/turtlebot3_msgs/include/turtlebot3_msgs/msg/detail/sensor_state__builder.hpp
[16.952s] -- Symlinking: /home/lequn/Documents/GitHub/turtlebot3_ros2_ws/install/turtlebot3_msgs/include/turtlebot3_msgs/msg/detail/sensor_state__struct.hpp
[16.970s] -- Symlinking: /home/lequn/Documents/GitHub/turtlebot3_ros2_ws/install/turtlebot3_msgs/include/turtlebot3_msgs/msg/detail/sensor_state__traits.hpp
[16.990s] -- Symlinking: /home/lequn/Documents/GitHub/turtlebot3_ros2_ws/install/turtlebot3_msgs/include/turtlebot3_msgs/msg/detail/sound__builder.hpp
[17.008s] -- Symlinking: /home/lequn/Documents/GitHub/turtlebot3_ros2_ws/install/turtlebot3_msgs/include/turtlebot3_msgs/msg/detail/sound__struct.hpp
[17.026s] -- Symlinking: /home/lequn/Documents/GitHub/turtlebot3_ros2_ws/install/turtlebot3_msgs/include/turtlebot3_msgs/msg/detail/sound__traits.hpp
[17.045s] -- Symlinking: /home/lequn/Documents/GitHub/turtlebot3_ros2_ws/install/turtlebot3_msgs/include/turtlebot3_msgs/msg/detail/version_info__builder.hpp
[17.062s] -- Symlinking: /home/lequn/Documents/GitHub/turtlebot3_ros2_ws/install/turtlebot3_msgs/include/turtlebot3_msgs/msg/detail/version_info__struct.hpp
[17.084s] -- Symlinking: /home/lequn/Documents/GitHub/turtlebot3_ros2_ws/install/turtlebot3_msgs/include/turtlebot3_msgs/msg/detail/version_info__traits.hpp
[17.102s] -- Symlinking: /home/lequn/Documents/GitHub/turtlebot3_ros2_ws/install/turtlebot3_msgs/include/turtlebot3_msgs/msg/sensor_state.hpp
[17.122s] -- Symlinking: /home/lequn/Documents/GitHub/turtlebot3_ros2_ws/install/turtlebot3_msgs/include/turtlebot3_msgs/msg/sound.hpp
[17.140s] -- Symlinking: /home/lequn/Documents/GitHub/turtlebot3_ros2_ws/install/turtlebot3_msgs/include/turtlebot3_msgs/msg/version_info.hpp
[17.158s] -- Symlinking: /home/lequn/Documents/GitHub/turtlebot3_ros2_ws/install/turtlebot3_msgs/include/turtlebot3_msgs/srv/detail/dqn__builder.hpp
[17.176s] -- Symlinking: /home/lequn/Documents/GitHub/turtlebot3_ros2_ws/install/turtlebot3_msgs/include/turtlebot3_msgs/srv/detail/dqn__struct.hpp
[17.197s] -- Symlinking: /home/lequn/Documents/GitHub/turtlebot3_ros2_ws/install/turtlebot3_msgs/include/turtlebot3_msgs/srv/detail/dqn__traits.hpp
[17.224s] -- Symlinking: /home/lequn/Documents/GitHub/turtlebot3_ros2_ws/install/turtlebot3_msgs/include/turtlebot3_msgs/srv/detail/sound__builder.hpp
[17.242s] -- Symlinking: /home/lequn/Documents/GitHub/turtlebot3_ros2_ws/install/turtlebot3_msgs/include/turtlebot3_msgs/srv/detail/sound__struct.hpp
[17.260s] -- Symlinking: /home/lequn/Documents/GitHub/turtlebot3_ros2_ws/install/turtlebot3_msgs/include/turtlebot3_msgs/srv/detail/sound__traits.hpp
[17.280s] -- Symlinking: /home/lequn/Documents/GitHub/turtlebot3_ros2_ws/install/turtlebot3_msgs/include/turtlebot3_msgs/srv/dqn.hpp
[17.303s] -- Symlinking: /home/lequn/Documents/GitHub/turtlebot3_ros2_ws/install/turtlebot3_msgs/include/turtlebot3_msgs/srv/sound.hpp
[17.325s] -- Symlinking: /home/lequn/Documents/GitHub/turtlebot3_ros2_ws/install/turtlebot3_msgs/include/turtlebot3_msgs/action/detail/patrol__rosidl_typesupport_introspection_cpp.hpp
[17.343s] -- Symlinking: /home/lequn/Documents/GitHub/turtlebot3_ros2_ws/install/turtlebot3_msgs/include/turtlebot3_msgs/msg/detail/sensor_state__rosidl_typesupport_introspection_cpp.hpp
[17.361s] -- Symlinking: /home/lequn/Documents/GitHub/turtlebot3_ros2_ws/install/turtlebot3_msgs/include/turtlebot3_msgs/msg/detail/sound__rosidl_typesupport_introspection_cpp.hpp
[17.378s] -- Symlinking: /home/lequn/Documents/GitHub/turtlebot3_ros2_ws/install/turtlebot3_msgs/include/turtlebot3_msgs/msg/detail/version_info__rosidl_typesupport_introspection_cpp.hpp
[17.396s] -- Symlinking: /home/lequn/Documents/GitHub/turtlebot3_ros2_ws/install/turtlebot3_msgs/include/turtlebot3_msgs/srv/detail/dqn__rosidl_typesupport_introspection_cpp.hpp
[17.414s] -- Symlinking: /home/lequn/Documents/GitHub/turtlebot3_ros2_ws/install/turtlebot3_msgs/include/turtlebot3_msgs/srv/detail/sound__rosidl_typesupport_introspection_cpp.hpp
[17.434s] -- Symlinking: /home/lequn/Documents/GitHub/turtlebot3_ros2_ws/install/turtlebot3_msgs/share/turtlebot3_msgs/environment/pythonpath.sh
[17.455s] -- Symlinking: /home/lequn/Documents/GitHub/turtlebot3_ros2_ws/install/turtlebot3_msgs/share/turtlebot3_msgs/environment/pythonpath.dsv
[17.479s] -- Symlinking: /home/lequn/Documents/GitHub/turtlebot3_ros2_ws/install/turtlebot3_msgs/lib/python3.8/site-packages/turtlebot3_msgs/__init__.py
[17.497s] -- Symlinking: /home/lequn/Documents/GitHub/turtlebot3_ros2_ws/install/turtlebot3_msgs/lib/python3.8/site-packages/turtlebot3_msgs/msg/__init__.py
[17.522s] -- Symlinking: /home/lequn/Documents/GitHub/turtlebot3_ros2_ws/install/turtlebot3_msgs/lib/python3.8/site-packages/turtlebot3_msgs/msg/_sensor_state.py
[17.542s] -- Symlinking: /home/lequn/Documents/GitHub/turtlebot3_ros2_ws/install/turtlebot3_msgs/lib/python3.8/site-packages/turtlebot3_msgs/msg/_sound.py
[17.563s] -- Symlinking: /home/lequn/Documents/GitHub/turtlebot3_ros2_ws/install/turtlebot3_msgs/lib/python3.8/site-packages/turtlebot3_msgs/msg/_version_info.py
[17.581s] -- Symlinking: /home/lequn/Documents/GitHub/turtlebot3_ros2_ws/install/turtlebot3_msgs/lib/python3.8/site-packages/turtlebot3_msgs/srv/__init__.py
[17.607s] -- Symlinking: /home/lequn/Documents/GitHub/turtlebot3_ros2_ws/install/turtlebot3_msgs/lib/python3.8/site-packages/turtlebot3_msgs/srv/_dqn.py
[17.627s] -- Symlinking: /home/lequn/Documents/GitHub/turtlebot3_ros2_ws/install/turtlebot3_msgs/lib/python3.8/site-packages/turtlebot3_msgs/srv/_sound.py
[17.645s] -- Symlinking: /home/lequn/Documents/GitHub/turtlebot3_ros2_ws/install/turtlebot3_msgs/lib/python3.8/site-packages/turtlebot3_msgs/action/__init__.py
[17.662s] -- Symlinking: /home/lequn/Documents/GitHub/turtlebot3_ros2_ws/install/turtlebot3_msgs/lib/python3.8/site-packages/turtlebot3_msgs/action/_patrol.py
[17.680s] -- Symlinking: /home/lequn/Documents/GitHub/turtlebot3_ros2_ws/install/turtlebot3_msgs/lib/python3.8/site-packages/turtlebot3_msgs/turtlebot3_msgs_s__rosidl_typesupport_fastrtps_c.cpython-38-x86_64-linux-gnu.so
[17.697s] -- Symlinking: /home/lequn/Documents/GitHub/turtlebot3_ros2_ws/install/turtlebot3_msgs/lib/python3.8/site-packages/turtlebot3_msgs/turtlebot3_msgs_s__rosidl_typesupport_introspection_c.cpython-38-x86_64-linux-gnu.so
[17.715s] -- Symlinking: /home/lequn/Documents/GitHub/turtlebot3_ros2_ws/install/turtlebot3_msgs/lib/python3.8/site-packages/turtlebot3_msgs/turtlebot3_msgs_s__rosidl_typesupport_c.cpython-38-x86_64-linux-gnu.so
[17.733s] -- Symlinking: /home/lequn/Documents/GitHub/turtlebot3_ros2_ws/install/turtlebot3_msgs/lib/libturtlebot3_msgs__python.so
[17.753s] -- Symlinking: /home/lequn/Documents/GitHub/turtlebot3_ros2_ws/install/turtlebot3_msgs/share/turtlebot3_msgs/msg/SensorState.idl
[17.772s] -- Symlinking: /home/lequn/Documents/GitHub/turtlebot3_ros2_ws/install/turtlebot3_msgs/share/turtlebot3_msgs/msg/Sound.idl
[17.790s] -- Symlinking: /home/lequn/Documents/GitHub/turtlebot3_ros2_ws/install/turtlebot3_msgs/share/turtlebot3_msgs/msg/VersionInfo.idl
[17.811s] -- Symlinking: /home/lequn/Documents/GitHub/turtlebot3_ros2_ws/install/turtlebot3_msgs/share/turtlebot3_msgs/srv/Sound.idl
[17.836s] -- Symlinking: /home/lequn/Documents/GitHub/turtlebot3_ros2_ws/install/turtlebot3_msgs/share/turtlebot3_msgs/srv/Dqn.idl
[17.864s] -- Symlinking: /home/lequn/Documents/GitHub/turtlebot3_ros2_ws/install/turtlebot3_msgs/share/turtlebot3_msgs/action/Patrol.idl
[17.881s] -- Symlinking: /home/lequn/Documents/GitHub/turtlebot3_ros2_ws/install/turtlebot3_msgs/share/turtlebot3_msgs/msg/SensorState.msg
[17.899s] -- Symlinking: /home/lequn/Documents/GitHub/turtlebot3_ros2_ws/install/turtlebot3_msgs/share/turtlebot3_msgs/msg/Sound.msg
[17.919s] -- Symlinking: /home/lequn/Documents/GitHub/turtlebot3_ros2_ws/install/turtlebot3_msgs/share/turtlebot3_msgs/msg/VersionInfo.msg
[17.947s] -- Symlinking: /home/lequn/Documents/GitHub/turtlebot3_ros2_ws/install/turtlebot3_msgs/share/turtlebot3_msgs/srv/Sound.srv
[17.969s] -- Symlinking: /home/lequn/Documents/GitHub/turtlebot3_ros2_ws/install/turtlebot3_msgs/share/turtlebot3_msgs/srv/Sound_Request.msg
[17.988s] -- Symlinking: /home/lequn/Documents/GitHub/turtlebot3_ros2_ws/install/turtlebot3_msgs/share/turtlebot3_msgs/srv/Sound_Response.msg
[18.006s] -- Symlinking: /home/lequn/Documents/GitHub/turtlebot3_ros2_ws/install/turtlebot3_msgs/share/turtlebot3_msgs/srv/Dqn.srv
[18.033s] -- Symlinking: /home/lequn/Documents/GitHub/turtlebot3_ros2_ws/install/turtlebot3_msgs/share/turtlebot3_msgs/srv/Dqn_Request.msg
[18.055s] -- Symlinking: /home/lequn/Documents/GitHub/turtlebot3_ros2_ws/install/turtlebot3_msgs/share/turtlebot3_msgs/srv/Dqn_Response.msg
[18.073s] -- Symlinking: /home/lequn/Documents/GitHub/turtlebot3_ros2_ws/install/turtlebot3_msgs/share/turtlebot3_msgs/action/Patrol.action
[18.092s] -- Symlinking: /home/lequn/Documents/GitHub/turtlebot3_ros2_ws/install/turtlebot3_msgs/share/ament_index/resource_index/package_run_dependencies/turtlebot3_msgs
[18.112s] -- Symlinking: /home/lequn/Documents/GitHub/turtlebot3_ros2_ws/install/turtlebot3_msgs/share/ament_index/resource_index/parent_prefix_path/turtlebot3_msgs
[18.133s] -- Symlinking: /home/lequn/Documents/GitHub/turtlebot3_ros2_ws/install/turtlebot3_msgs/share/turtlebot3_msgs/environment/ament_prefix_path.sh
[18.150s] -- Symlinking: /home/lequn/Documents/GitHub/turtlebot3_ros2_ws/install/turtlebot3_msgs/share/turtlebot3_msgs/environment/ament_prefix_path.dsv
[18.167s] -- Symlinking: /home/lequn/Documents/GitHub/turtlebot3_ros2_ws/install/turtlebot3_msgs/share/turtlebot3_msgs/environment/path.sh
[18.188s] -- Symlinking: /home/lequn/Documents/GitHub/turtlebot3_ros2_ws/install/turtlebot3_msgs/share/turtlebot3_msgs/environment/path.dsv
[18.206s] -- Symlinking: /home/lequn/Documents/GitHub/turtlebot3_ros2_ws/install/turtlebot3_msgs/share/turtlebot3_msgs/local_setup.bash
[18.224s] -- Symlinking: /home/lequn/Documents/GitHub/turtlebot3_ros2_ws/install/turtlebot3_msgs/share/turtlebot3_msgs/local_setup.sh
[18.242s] -- Symlinking: /home/lequn/Documents/GitHub/turtlebot3_ros2_ws/install/turtlebot3_msgs/share/turtlebot3_msgs/local_setup.zsh
[18.259s] -- Symlinking: /home/lequn/Documents/GitHub/turtlebot3_ros2_ws/install/turtlebot3_msgs/share/turtlebot3_msgs/local_setup.dsv
[18.277s] -- Symlinking: /home/lequn/Documents/GitHub/turtlebot3_ros2_ws/install/turtlebot3_msgs/share/turtlebot3_msgs/package.dsv
[18.300s] -- Symlinking: /home/lequn/Documents/GitHub/turtlebot3_ros2_ws/install/turtlebot3_msgs/share/ament_index/resource_index/packages/turtlebot3_msgs
[18.320s] -- Symlinking: /home/lequn/Documents/GitHub/turtlebot3_ros2_ws/install/turtlebot3_msgs/share/turtlebot3_msgs/cmake/rosidl_cmake-extras.cmake
[18.339s] -- Symlinking: /home/lequn/Documents/GitHub/turtlebot3_ros2_ws/install/turtlebot3_msgs/share/turtlebot3_msgs/cmake/ament_cmake_export_dependencies-extras.cmake
[18.358s] -- Symlinking: /home/lequn/Documents/GitHub/turtlebot3_ros2_ws/install/turtlebot3_msgs/share/turtlebot3_msgs/cmake/ament_cmake_export_libraries-extras.cmake
[18.377s] -- Symlinking: /home/lequn/Documents/GitHub/turtlebot3_ros2_ws/install/turtlebot3_msgs/share/turtlebot3_msgs/cmake/ament_cmake_export_targets-extras.cmake
[18.397s] -- Symlinking: /home/lequn/Documents/GitHub/turtlebot3_ros2_ws/install/turtlebot3_msgs/share/turtlebot3_msgs/cmake/ament_cmake_export_include_directories-extras.cmake
[18.418s] -- Symlinking: /home/lequn/Documents/GitHub/turtlebot3_ros2_ws/install/turtlebot3_msgs/share/turtlebot3_msgs/cmake/rosidl_cmake_export_typesupport_libraries-extras.cmake
[18.439s] -- Symlinking: /home/lequn/Documents/GitHub/turtlebot3_ros2_ws/install/turtlebot3_msgs/share/turtlebot3_msgs/cmake/rosidl_cmake_export_typesupport_targets-extras.cmake
[18.460s] -- Symlinking: /home/lequn/Documents/GitHub/turtlebot3_ros2_ws/install/turtlebot3_msgs/share/turtlebot3_msgs/cmake/turtlebot3_msgsConfig.cmake
[18.479s] -- Symlinking: /home/lequn/Documents/GitHub/turtlebot3_ros2_ws/install/turtlebot3_msgs/share/turtlebot3_msgs/cmake/turtlebot3_msgsConfig-version.cmake
[18.502s] -- Symlinking: /home/lequn/Documents/GitHub/turtlebot3_ros2_ws/install/turtlebot3_msgs/share/turtlebot3_msgs/package.xml
[18.521s] -- Installing: /home/lequn/Documents/GitHub/turtlebot3_ros2_ws/install/turtlebot3_msgs/lib/libturtlebot3_msgs__rosidl_generator_c.so
[18.521s] -- Set runtime path of "/home/lequn/Documents/GitHub/turtlebot3_ros2_ws/install/turtlebot3_msgs/lib/libturtlebot3_msgs__rosidl_generator_c.so" to ""
[18.521s] -- Installing: /home/lequn/Documents/GitHub/turtlebot3_ros2_ws/install/turtlebot3_msgs/lib/libturtlebot3_msgs__rosidl_typesupport_introspection_c.so
[18.522s] -- Set runtime path of "/home/lequn/Documents/GitHub/turtlebot3_ros2_ws/install/turtlebot3_msgs/lib/libturtlebot3_msgs__rosidl_typesupport_introspection_c.so" to ""
[18.522s] -- Installing: /home/lequn/Documents/GitHub/turtlebot3_ros2_ws/install/turtlebot3_msgs/lib/libturtlebot3_msgs__rosidl_typesupport_c.so
[18.522s] -- Set runtime path of "/home/lequn/Documents/GitHub/turtlebot3_ros2_ws/install/turtlebot3_msgs/lib/libturtlebot3_msgs__rosidl_typesupport_c.so" to ""
[18.522s] -- Installing: /home/lequn/Documents/GitHub/turtlebot3_ros2_ws/install/turtlebot3_msgs/lib/libturtlebot3_msgs__rosidl_typesupport_introspection_cpp.so
[18.523s] -- Set runtime path of "/home/lequn/Documents/GitHub/turtlebot3_ros2_ws/install/turtlebot3_msgs/lib/libturtlebot3_msgs__rosidl_typesupport_introspection_cpp.so" to ""
[18.523s] -- Installing: /home/lequn/Documents/GitHub/turtlebot3_ros2_ws/install/turtlebot3_msgs/lib/libturtlebot3_msgs__rosidl_typesupport_cpp.so
[18.524s] -- Set runtime path of "/home/lequn/Documents/GitHub/turtlebot3_ros2_ws/install/turtlebot3_msgs/lib/libturtlebot3_msgs__rosidl_typesupport_cpp.so" to ""
[18.869s] Compiling '/home/lequn/Documents/GitHub/turtlebot3_ros2_ws/install/turtlebot3_msgs/lib/python3.8/site-packages/turtlebot3_msgs/__init__.py'...
[18.872s] -- Installing: /home/lequn/Documents/GitHub/turtlebot3_ros2_ws/install/turtlebot3_msgs/share/turtlebot3_msgs/cmake/turtlebot3_msgs__rosidl_generator_cExport.cmake
[18.872s] -- Installing: /home/lequn/Documents/GitHub/turtlebot3_ros2_ws/install/turtlebot3_msgs/share/turtlebot3_msgs/cmake/turtlebot3_msgs__rosidl_generator_cExport-noconfig.cmake
[18.872s] -- Installing: /home/lequn/Documents/GitHub/turtlebot3_ros2_ws/install/turtlebot3_msgs/share/turtlebot3_msgs/cmake/turtlebot3_msgs__rosidl_typesupport_introspection_cExport.cmake
[18.873s] -- Installing: /home/lequn/Documents/GitHub/turtlebot3_ros2_ws/install/turtlebot3_msgs/share/turtlebot3_msgs/cmake/turtlebot3_msgs__rosidl_typesupport_introspection_cExport-noconfig.cmake
[18.873s] -- Installing: /home/lequn/Documents/GitHub/turtlebot3_ros2_ws/install/turtlebot3_msgs/share/turtlebot3_msgs/cmake/turtlebot3_msgs__rosidl_typesupport_cExport.cmake
[18.873s] -- Installing: /home/lequn/Documents/GitHub/turtlebot3_ros2_ws/install/turtlebot3_msgs/share/turtlebot3_msgs/cmake/turtlebot3_msgs__rosidl_typesupport_cExport-noconfig.cmake
[18.873s] -- Installing: /home/lequn/Documents/GitHub/turtlebot3_ros2_ws/install/turtlebot3_msgs/share/turtlebot3_msgs/cmake/turtlebot3_msgs__rosidl_generator_cppExport.cmake
[18.873s] -- Installing: /home/lequn/Documents/GitHub/turtlebot3_ros2_ws/install/turtlebot3_msgs/share/turtlebot3_msgs/cmake/turtlebot3_msgs__rosidl_typesupport_introspection_cppExport.cmake
[18.873s] -- Installing: /home/lequn/Documents/GitHub/turtlebot3_ros2_ws/install/turtlebot3_msgs/share/turtlebot3_msgs/cmake/turtlebot3_msgs__rosidl_typesupport_introspection_cppExport-noconfig.cmake
[18.874s] -- Installing: /home/lequn/Documents/GitHub/turtlebot3_ros2_ws/install/turtlebot3_msgs/share/turtlebot3_msgs/cmake/turtlebot3_msgs__rosidl_typesupport_cppExport.cmake
[18.874s] -- Installing: /home/lequn/Documents/GitHub/turtlebot3_ros2_ws/install/turtlebot3_msgs/share/turtlebot3_msgs/cmake/turtlebot3_msgs__rosidl_typesupport_cppExport-noconfig.cmake
[18.876s] Invoked command in '/home/lequn/Documents/GitHub/turtlebot3_ros2_ws/build/turtlebot3_msgs' returned '0': CMAKE_PREFIX_PATH=${CMAKE_PREFIX_PATH}:/opt/ros/foxy:/home/lequn/Documents/GitHub/simtech_ros2_ws/install/ros2controlcli:/home/lequn/Documents/GitHub/simtech_ros2_ws/install/ros2_control_test_nodes:/home/lequn/Documents/GitHub/simtech_ros2_ws/install/kuka_rsi_simulator:/home/lequn/Documents/GitHub/simtech_ros2_ws/install/joint_state_publisher_gui:/home/lequn/Documents/GitHub/simtech_ros2_ws/install/joint_state_publisher:/home/lequn/ros2_foxy/install/ros2bag:/home/lequn/ros2_foxy/install/tracetools_launch:/home/lequn/ros2_foxy/install/topic_monitor:/home/lequn/ros2_foxy/install/examples_tf2_py:/home/lequn/ros2_foxy/install/sros2:/home/lequn/ros2_foxy/install/rqt_topic:/home/lequn/ros2_foxy/install/rqt_top:/home/lequn/ros2_foxy/install/rqt_srv:/home/lequn/ros2_foxy/install/rqt_shell:/home/lequn/ros2_foxy/install/rqt_service_caller:/home/lequn/ros2_foxy/install/rqt_reconfigure:/home/lequn/ros2_foxy/install/rqt_py_console:/home/lequn/ros2_foxy/install/rqt_publisher:/home/lequn/ros2_foxy/install/rqt_plot:/home/lequn/ros2_foxy/install/rqt_action:/home/lequn/ros2_foxy/install/rqt_msg:/home/lequn/ros2_foxy/install/rqt:/home/lequn/ros2_foxy/install/rqt_graph:/home/lequn/ros2_foxy/install/rqt_gui_py:/home/lequn/ros2_foxy/install/rqt_gui:/home/lequn/ros2_foxy/install/ros2trace:/home/lequn/ros2_foxy/install/ros2topic:/home/lequn/ros2_foxy/install/ros2test:/home/lequn/ros2_foxy/install/ros2component:/home/lequn/ros2_foxy/install/ros2param:/home/lequn/ros2_foxy/install/ros2lifecycle:/home/lequn/ros2_foxy/install/ros2service:/home/lequn/ros2_foxy/install/ros2run:/home/lequn/ros2_foxy/install/ros2launch:/home/lequn/ros2_foxy/install/ros2pkg:/home/lequn/ros2_foxy/install/ros2node:/home/lequn/ros2_foxy/install/ros2multicast:/home/lequn/ros2_foxy/install/ros2interface:/home/lequn/ros2_foxy/install/ros2doctor:/home/lequn/ros2_foxy/install/ros2action:/home/lequn/ros2_foxy/install/ros2cli:/home/lequn/ros2_foxy/install/quality_of_service_demo_py:/home/lequn/ros2_foxy/install/launch_testing_ros:/home/lequn/ros2_foxy/install/launch_ros:/home/lequn/ros2_foxy/install/examples_rclpy_minimal_subscriber:/home/lequn/ros2_foxy/install/examples_rclpy_minimal_service:/home/lequn/ros2_foxy/install/examples_rclpy_minimal_publisher:/home/lequn/ros2_foxy/install/examples_rclpy_minimal_client:/home/lequn/ros2_foxy/install/examples_rclpy_minimal_action_server:/home/lequn/ros2_foxy/install/examples_rclpy_minimal_action_client:/home/lequn/ros2_foxy/install/examples_rclpy_executors:/home/lequn/ros2_foxy/install/demo_nodes_py:/home/lequn/ros2_foxy/install/action_tutorials_py:/home/lequn/ros2_foxy/install/ament_uncrustify:/home/lequn/ros2_foxy/install/tracetools_trace:/home/lequn/ros2_foxy/install/tracetools_read:/home/lequn/ros2_foxy/install/test_launch_ros:/home/lequn/ros2_foxy/install/sensor_msgs_py:/home/lequn/ros2_foxy/install/rpyutils:/home/lequn/ros2_foxy/install/rosidl_runtime_py:/home/lequn/ros2_foxy/install/launch_yaml:/home/lequn/ros2_foxy/install/launch_xml:/home/lequn/ros2_foxy/install/launch_testing:/home/lequn/ros2_foxy/install/launch:/home/lequn/ros2_foxy/install/osrf_pycommon:/home/lequn/ros2_foxy/install/domain_coordinator:/home/lequn/ros2_foxy/install/ament_xmllint:/home/lequn/ros2_foxy/install/ament_pyflakes:/home/lequn/ros2_foxy/install/ament_pycodestyle:/home/lequn/ros2_foxy/install/ament_pep257:/home/lequn/ros2_foxy/install/ament_pclint:/home/lequn/ros2_foxy/install/ament_package:/home/lequn/ros2_foxy/install/ament_mypy:/home/lequn/ros2_foxy/install/ament_lint_cmake:/home/lequn/ros2_foxy/install/ament_flake8:/home/lequn/ros2_foxy/install/ament_copyright:/home/lequn/ros2_foxy/install/ament_lint:/home/lequn/ros2_foxy/install/ament_index_python:/home/lequn/ros2_foxy/install/ament_cpplint:/home/lequn/ros2_foxy/install/ament_cppcheck:/home/lequn/ros2_foxy/install/ament_clang_tidy:/home/lequn/ros2_foxy/install/ament_clang_format /usr/bin/cmake --install /home/lequn/Documents/GitHub/turtlebot3_ros2_ws/build/turtlebot3_msgs
