[0.123s] Invoking command in '/home/lequn/Documents/GitHub/turtlebot3_ros2_ws/build/dynamixel_sdk_custom_interfaces': CMAKE_PREFIX_PATH=${CMAKE_PREFIX_PATH}:/opt/ros/foxy:/home/lequn/Documents/GitHub/simtech_ros2_ws/install/ros2controlcli:/home/lequn/Documents/GitHub/simtech_ros2_ws/install/ros2_control_test_nodes:/home/lequn/Documents/GitHub/simtech_ros2_ws/install/kuka_rsi_simulator:/home/lequn/Documents/GitHub/simtech_ros2_ws/install/joint_state_publisher_gui:/home/lequn/Documents/GitHub/simtech_ros2_ws/install/joint_state_publisher:/home/lequn/ros2_foxy/install/ros2bag:/home/lequn/ros2_foxy/install/tracetools_launch:/home/lequn/ros2_foxy/install/topic_monitor:/home/lequn/ros2_foxy/install/examples_tf2_py:/home/lequn/ros2_foxy/install/sros2:/home/lequn/ros2_foxy/install/rqt_topic:/home/lequn/ros2_foxy/install/rqt_top:/home/lequn/ros2_foxy/install/rqt_srv:/home/lequn/ros2_foxy/install/rqt_shell:/home/lequn/ros2_foxy/install/rqt_service_caller:/home/lequn/ros2_foxy/install/rqt_reconfigure:/home/lequn/ros2_foxy/install/rqt_py_console:/home/lequn/ros2_foxy/install/rqt_publisher:/home/lequn/ros2_foxy/install/rqt_plot:/home/lequn/ros2_foxy/install/rqt_action:/home/lequn/ros2_foxy/install/rqt_msg:/home/lequn/ros2_foxy/install/rqt:/home/lequn/ros2_foxy/install/rqt_graph:/home/lequn/ros2_foxy/install/rqt_gui_py:/home/lequn/ros2_foxy/install/rqt_gui:/home/lequn/ros2_foxy/install/ros2trace:/home/lequn/ros2_foxy/install/ros2topic:/home/lequn/ros2_foxy/install/ros2test:/home/lequn/ros2_foxy/install/ros2component:/home/lequn/ros2_foxy/install/ros2param:/home/lequn/ros2_foxy/install/ros2lifecycle:/home/lequn/ros2_foxy/install/ros2service:/home/lequn/ros2_foxy/install/ros2run:/home/lequn/ros2_foxy/install/ros2launch:/home/lequn/ros2_foxy/install/ros2pkg:/home/lequn/ros2_foxy/install/ros2node:/home/lequn/ros2_foxy/install/ros2multicast:/home/lequn/ros2_foxy/install/ros2interface:/home/lequn/ros2_foxy/install/ros2doctor:/home/lequn/ros2_foxy/install/ros2action:/home/lequn/ros2_foxy/install/ros2cli:/home/lequn/ros2_foxy/install/quality_of_service_demo_py:/home/lequn/ros2_foxy/install/launch_testing_ros:/home/lequn/ros2_foxy/install/launch_ros:/home/lequn/ros2_foxy/install/examples_rclpy_minimal_subscriber:/home/lequn/ros2_foxy/install/examples_rclpy_minimal_service:/home/lequn/ros2_foxy/install/examples_rclpy_minimal_publisher:/home/lequn/ros2_foxy/install/examples_rclpy_minimal_client:/home/lequn/ros2_foxy/install/examples_rclpy_minimal_action_server:/home/lequn/ros2_foxy/install/examples_rclpy_minimal_action_client:/home/lequn/ros2_foxy/install/examples_rclpy_executors:/home/lequn/ros2_foxy/install/demo_nodes_py:/home/lequn/ros2_foxy/install/action_tutorials_py:/home/lequn/ros2_foxy/install/ament_uncrustify:/home/lequn/ros2_foxy/install/tracetools_trace:/home/lequn/ros2_foxy/install/tracetools_read:/home/lequn/ros2_foxy/install/test_launch_ros:/home/lequn/ros2_foxy/install/sensor_msgs_py:/home/lequn/ros2_foxy/install/rpyutils:/home/lequn/ros2_foxy/install/rosidl_runtime_py:/home/lequn/ros2_foxy/install/launch_yaml:/home/lequn/ros2_foxy/install/launch_xml:/home/lequn/ros2_foxy/install/launch_testing:/home/lequn/ros2_foxy/install/launch:/home/lequn/ros2_foxy/install/osrf_pycommon:/home/lequn/ros2_foxy/install/domain_coordinator:/home/lequn/ros2_foxy/install/ament_xmllint:/home/lequn/ros2_foxy/install/ament_pyflakes:/home/lequn/ros2_foxy/install/ament_pycodestyle:/home/lequn/ros2_foxy/install/ament_pep257:/home/lequn/ros2_foxy/install/ament_pclint:/home/lequn/ros2_foxy/install/ament_package:/home/lequn/ros2_foxy/install/ament_mypy:/home/lequn/ros2_foxy/install/ament_lint_cmake:/home/lequn/ros2_foxy/install/ament_flake8:/home/lequn/ros2_foxy/install/ament_copyright:/home/lequn/ros2_foxy/install/ament_lint:/home/lequn/ros2_foxy/install/ament_index_python:/home/lequn/ros2_foxy/install/ament_cpplint:/home/lequn/ros2_foxy/install/ament_cppcheck:/home/lequn/ros2_foxy/install/ament_clang_tidy:/home/lequn/ros2_foxy/install/ament_clang_format /usr/bin/cmake /home/lequn/Documents/GitHub/turtlebot3_ros2_ws/src/dependencies/DynamixelSDK-foxy-devel/dynamixel_sdk_custom_interfaces -DAMENT_CMAKE_SYMLINK_INSTALL=1 -DCMAKE_INSTALL_PREFIX=/home/lequn/Documents/GitHub/turtlebot3_ros2_ws/install/dynamixel_sdk_custom_interfaces
[0.745s] -- The C compiler identification is GNU 9.3.0
[0.745s] -- The CXX compiler identification is GNU 9.3.0
[0.745s] -- Check for working C compiler: /usr/bin/cc
[0.745s] -- Check for working C compiler: /usr/bin/cc -- works
[0.745s] -- Detecting C compiler ABI info
[0.745s] -- Detecting C compiler ABI info - done
[0.745s] -- Detecting C compile features
[0.746s] -- Detecting C compile features - done
[0.746s] -- Check for working CXX compiler: /usr/bin/c++
[0.746s] -- Check for working CXX compiler: /usr/bin/c++ -- works
[0.746s] -- Detecting CXX compiler ABI info
[0.849s] -- Detecting CXX compiler ABI info - done
[0.857s] -- Detecting CXX compile features
[0.857s] -- Detecting CXX compile features - done
[0.868s] -- Found ament_cmake: 0.9.9 (/home/lequn/ros2_foxy/install/ament_cmake/share/ament_cmake/cmake)
[1.210s] -- Found PythonInterp: /usr/bin/python3 (found suitable version "3.8.10", minimum required is "3") 
[1.210s] -- Using PYTHON_EXECUTABLE: /usr/bin/python3
[1.758s] -- Override CMake install command with custom implementation using symlinks instead of copying resources
[1.917s] -- Found builtin_interfaces: 1.0.0 (/home/lequn/ros2_foxy/install/builtin_interfaces/share/builtin_interfaces/cmake)
[2.049s] -- Using all available rosidl_typesupport_c: rosidl_typesupport_fastrtps_c;rosidl_typesupport_introspection_c
[2.076s] -- Found rosidl_adapter: 1.2.1 (/home/lequn/ros2_foxy/install/rosidl_adapter/share/rosidl_adapter/cmake)
[2.337s] -- Found OpenSSL: /usr/lib/x86_64-linux-gnu/libcrypto.so (found version "1.1.1f")  
[2.415s] -- Found FastRTPS: /home/lequn/ros2_foxy/install/fastrtps/include  
[2.617s] -- Using all available rosidl_typesupport_cpp: rosidl_typesupport_fastrtps_cpp;rosidl_typesupport_introspection_cpp
[2.692s] -- Found rosidl_default_generators: 1.0.1 (/home/lequn/ros2_foxy/install/rosidl_default_generators/share/rosidl_default_generators/cmake)
[3.175s] -- Found PythonInterp: /usr/bin/python3 (found version "3.8.10") 
[4.133s] -- Found ament_cmake_ros: 0.9.2 (/home/lequn/ros2_foxy/install/ament_cmake_ros/share/ament_cmake_ros/cmake)
[4.607s] -- Using all available rosidl_typesupport_c: rosidl_typesupport_fastrtps_c;rosidl_typesupport_introspection_c
[4.751s] -- Using all available rosidl_typesupport_cpp: rosidl_typesupport_fastrtps_cpp;rosidl_typesupport_introspection_cpp
[5.143s] -- Found PythonInterp: /usr/bin/python3 (found suitable version "3.8.10", minimum required is "3.5") 
[5.152s] -- Found python_cmake_module: 0.8.1 (/home/lequn/ros2_foxy/install/python_cmake_module/share/python_cmake_module/cmake)
[5.453s] -- Found PythonLibs: /usr/lib/x86_64-linux-gnu/libpython3.8.so (found suitable version "3.8.10", minimum required is "3.5") 
[5.453s] -- Using PYTHON_EXECUTABLE: /usr/bin/python3
[5.453s] -- Using PYTHON_INCLUDE_DIRS: /usr/include/python3.8
[5.453s] -- Using PYTHON_LIBRARIES: /usr/lib/x86_64-linux-gnu/libpython3.8.so
[5.741s] -- Found PythonExtra: .so  
[6.420s] -- Configuring done
[6.453s] -- Generating done
[6.456s] -- Build files have been written to: /home/lequn/Documents/GitHub/turtlebot3_ros2_ws/build/dynamixel_sdk_custom_interfaces
[6.469s] Invoked command in '/home/lequn/Documents/GitHub/turtlebot3_ros2_ws/build/dynamixel_sdk_custom_interfaces' returned '0': CMAKE_PREFIX_PATH=${CMAKE_PREFIX_PATH}:/opt/ros/foxy:/home/lequn/Documents/GitHub/simtech_ros2_ws/install/ros2controlcli:/home/lequn/Documents/GitHub/simtech_ros2_ws/install/ros2_control_test_nodes:/home/lequn/Documents/GitHub/simtech_ros2_ws/install/kuka_rsi_simulator:/home/lequn/Documents/GitHub/simtech_ros2_ws/install/joint_state_publisher_gui:/home/lequn/Documents/GitHub/simtech_ros2_ws/install/joint_state_publisher:/home/lequn/ros2_foxy/install/ros2bag:/home/lequn/ros2_foxy/install/tracetools_launch:/home/lequn/ros2_foxy/install/topic_monitor:/home/lequn/ros2_foxy/install/examples_tf2_py:/home/lequn/ros2_foxy/install/sros2:/home/lequn/ros2_foxy/install/rqt_topic:/home/lequn/ros2_foxy/install/rqt_top:/home/lequn/ros2_foxy/install/rqt_srv:/home/lequn/ros2_foxy/install/rqt_shell:/home/lequn/ros2_foxy/install/rqt_service_caller:/home/lequn/ros2_foxy/install/rqt_reconfigure:/home/lequn/ros2_foxy/install/rqt_py_console:/home/lequn/ros2_foxy/install/rqt_publisher:/home/lequn/ros2_foxy/install/rqt_plot:/home/lequn/ros2_foxy/install/rqt_action:/home/lequn/ros2_foxy/install/rqt_msg:/home/lequn/ros2_foxy/install/rqt:/home/lequn/ros2_foxy/install/rqt_graph:/home/lequn/ros2_foxy/install/rqt_gui_py:/home/lequn/ros2_foxy/install/rqt_gui:/home/lequn/ros2_foxy/install/ros2trace:/home/lequn/ros2_foxy/install/ros2topic:/home/lequn/ros2_foxy/install/ros2test:/home/lequn/ros2_foxy/install/ros2component:/home/lequn/ros2_foxy/install/ros2param:/home/lequn/ros2_foxy/install/ros2lifecycle:/home/lequn/ros2_foxy/install/ros2service:/home/lequn/ros2_foxy/install/ros2run:/home/lequn/ros2_foxy/install/ros2launch:/home/lequn/ros2_foxy/install/ros2pkg:/home/lequn/ros2_foxy/install/ros2node:/home/lequn/ros2_foxy/install/ros2multicast:/home/lequn/ros2_foxy/install/ros2interface:/home/lequn/ros2_foxy/install/ros2doctor:/home/lequn/ros2_foxy/install/ros2action:/home/lequn/ros2_foxy/install/ros2cli:/home/lequn/ros2_foxy/install/quality_of_service_demo_py:/home/lequn/ros2_foxy/install/launch_testing_ros:/home/lequn/ros2_foxy/install/launch_ros:/home/lequn/ros2_foxy/install/examples_rclpy_minimal_subscriber:/home/lequn/ros2_foxy/install/examples_rclpy_minimal_service:/home/lequn/ros2_foxy/install/examples_rclpy_minimal_publisher:/home/lequn/ros2_foxy/install/examples_rclpy_minimal_client:/home/lequn/ros2_foxy/install/examples_rclpy_minimal_action_server:/home/lequn/ros2_foxy/install/examples_rclpy_minimal_action_client:/home/lequn/ros2_foxy/install/examples_rclpy_executors:/home/lequn/ros2_foxy/install/demo_nodes_py:/home/lequn/ros2_foxy/install/action_tutorials_py:/home/lequn/ros2_foxy/install/ament_uncrustify:/home/lequn/ros2_foxy/install/tracetools_trace:/home/lequn/ros2_foxy/install/tracetools_read:/home/lequn/ros2_foxy/install/test_launch_ros:/home/lequn/ros2_foxy/install/sensor_msgs_py:/home/lequn/ros2_foxy/install/rpyutils:/home/lequn/ros2_foxy/install/rosidl_runtime_py:/home/lequn/ros2_foxy/install/launch_yaml:/home/lequn/ros2_foxy/install/launch_xml:/home/lequn/ros2_foxy/install/launch_testing:/home/lequn/ros2_foxy/install/launch:/home/lequn/ros2_foxy/install/osrf_pycommon:/home/lequn/ros2_foxy/install/domain_coordinator:/home/lequn/ros2_foxy/install/ament_xmllint:/home/lequn/ros2_foxy/install/ament_pyflakes:/home/lequn/ros2_foxy/install/ament_pycodestyle:/home/lequn/ros2_foxy/install/ament_pep257:/home/lequn/ros2_foxy/install/ament_pclint:/home/lequn/ros2_foxy/install/ament_package:/home/lequn/ros2_foxy/install/ament_mypy:/home/lequn/ros2_foxy/install/ament_lint_cmake:/home/lequn/ros2_foxy/install/ament_flake8:/home/lequn/ros2_foxy/install/ament_copyright:/home/lequn/ros2_foxy/install/ament_lint:/home/lequn/ros2_foxy/install/ament_index_python:/home/lequn/ros2_foxy/install/ament_cpplint:/home/lequn/ros2_foxy/install/ament_cppcheck:/home/lequn/ros2_foxy/install/ament_clang_tidy:/home/lequn/ros2_foxy/install/ament_clang_format /usr/bin/cmake /home/lequn/Documents/GitHub/turtlebot3_ros2_ws/src/dependencies/DynamixelSDK-foxy-devel/dynamixel_sdk_custom_interfaces -DAMENT_CMAKE_SYMLINK_INSTALL=1 -DCMAKE_INSTALL_PREFIX=/home/lequn/Documents/GitHub/turtlebot3_ros2_ws/install/dynamixel_sdk_custom_interfaces
[6.473s] Invoking command in '/home/lequn/Documents/GitHub/turtlebot3_ros2_ws/build/dynamixel_sdk_custom_interfaces': CMAKE_PREFIX_PATH=${CMAKE_PREFIX_PATH}:/opt/ros/foxy:/home/lequn/Documents/GitHub/simtech_ros2_ws/install/ros2controlcli:/home/lequn/Documents/GitHub/simtech_ros2_ws/install/ros2_control_test_nodes:/home/lequn/Documents/GitHub/simtech_ros2_ws/install/kuka_rsi_simulator:/home/lequn/Documents/GitHub/simtech_ros2_ws/install/joint_state_publisher_gui:/home/lequn/Documents/GitHub/simtech_ros2_ws/install/joint_state_publisher:/home/lequn/ros2_foxy/install/ros2bag:/home/lequn/ros2_foxy/install/tracetools_launch:/home/lequn/ros2_foxy/install/topic_monitor:/home/lequn/ros2_foxy/install/examples_tf2_py:/home/lequn/ros2_foxy/install/sros2:/home/lequn/ros2_foxy/install/rqt_topic:/home/lequn/ros2_foxy/install/rqt_top:/home/lequn/ros2_foxy/install/rqt_srv:/home/lequn/ros2_foxy/install/rqt_shell:/home/lequn/ros2_foxy/install/rqt_service_caller:/home/lequn/ros2_foxy/install/rqt_reconfigure:/home/lequn/ros2_foxy/install/rqt_py_console:/home/lequn/ros2_foxy/install/rqt_publisher:/home/lequn/ros2_foxy/install/rqt_plot:/home/lequn/ros2_foxy/install/rqt_action:/home/lequn/ros2_foxy/install/rqt_msg:/home/lequn/ros2_foxy/install/rqt:/home/lequn/ros2_foxy/install/rqt_graph:/home/lequn/ros2_foxy/install/rqt_gui_py:/home/lequn/ros2_foxy/install/rqt_gui:/home/lequn/ros2_foxy/install/ros2trace:/home/lequn/ros2_foxy/install/ros2topic:/home/lequn/ros2_foxy/install/ros2test:/home/lequn/ros2_foxy/install/ros2component:/home/lequn/ros2_foxy/install/ros2param:/home/lequn/ros2_foxy/install/ros2lifecycle:/home/lequn/ros2_foxy/install/ros2service:/home/lequn/ros2_foxy/install/ros2run:/home/lequn/ros2_foxy/install/ros2launch:/home/lequn/ros2_foxy/install/ros2pkg:/home/lequn/ros2_foxy/install/ros2node:/home/lequn/ros2_foxy/install/ros2multicast:/home/lequn/ros2_foxy/install/ros2interface:/home/lequn/ros2_foxy/install/ros2doctor:/home/lequn/ros2_foxy/install/ros2action:/home/lequn/ros2_foxy/install/ros2cli:/home/lequn/ros2_foxy/install/quality_of_service_demo_py:/home/lequn/ros2_foxy/install/launch_testing_ros:/home/lequn/ros2_foxy/install/launch_ros:/home/lequn/ros2_foxy/install/examples_rclpy_minimal_subscriber:/home/lequn/ros2_foxy/install/examples_rclpy_minimal_service:/home/lequn/ros2_foxy/install/examples_rclpy_minimal_publisher:/home/lequn/ros2_foxy/install/examples_rclpy_minimal_client:/home/lequn/ros2_foxy/install/examples_rclpy_minimal_action_server:/home/lequn/ros2_foxy/install/examples_rclpy_minimal_action_client:/home/lequn/ros2_foxy/install/examples_rclpy_executors:/home/lequn/ros2_foxy/install/demo_nodes_py:/home/lequn/ros2_foxy/install/action_tutorials_py:/home/lequn/ros2_foxy/install/ament_uncrustify:/home/lequn/ros2_foxy/install/tracetools_trace:/home/lequn/ros2_foxy/install/tracetools_read:/home/lequn/ros2_foxy/install/test_launch_ros:/home/lequn/ros2_foxy/install/sensor_msgs_py:/home/lequn/ros2_foxy/install/rpyutils:/home/lequn/ros2_foxy/install/rosidl_runtime_py:/home/lequn/ros2_foxy/install/launch_yaml:/home/lequn/ros2_foxy/install/launch_xml:/home/lequn/ros2_foxy/install/launch_testing:/home/lequn/ros2_foxy/install/launch:/home/lequn/ros2_foxy/install/osrf_pycommon:/home/lequn/ros2_foxy/install/domain_coordinator:/home/lequn/ros2_foxy/install/ament_xmllint:/home/lequn/ros2_foxy/install/ament_pyflakes:/home/lequn/ros2_foxy/install/ament_pycodestyle:/home/lequn/ros2_foxy/install/ament_pep257:/home/lequn/ros2_foxy/install/ament_pclint:/home/lequn/ros2_foxy/install/ament_package:/home/lequn/ros2_foxy/install/ament_mypy:/home/lequn/ros2_foxy/install/ament_lint_cmake:/home/lequn/ros2_foxy/install/ament_flake8:/home/lequn/ros2_foxy/install/ament_copyright:/home/lequn/ros2_foxy/install/ament_lint:/home/lequn/ros2_foxy/install/ament_index_python:/home/lequn/ros2_foxy/install/ament_cpplint:/home/lequn/ros2_foxy/install/ament_cppcheck:/home/lequn/ros2_foxy/install/ament_clang_tidy:/home/lequn/ros2_foxy/install/ament_clang_format /usr/bin/cmake --build /home/lequn/Documents/GitHub/turtlebot3_ros2_ws/build/dynamixel_sdk_custom_interfaces -- -j16 -l16
[6.557s] [  2%] [34m[1mGenerating C code for ROS interfaces[0m
[6.557s] [35m[1mScanning dependencies of target dynamixel_sdk_custom_interfaces__cpp[0m
[6.584s] [  5%] [34m[1mGenerating C++ code for ROS interfaces[0m
[7.172s] [  5%] Built target dynamixel_sdk_custom_interfaces__cpp
[7.194s] [35m[1mScanning dependencies of target dynamixel_sdk_custom_interfaces__rosidl_generator_c[0m
[7.196s] [  7%] [34m[1mGenerating C++ type support for eProsima Fast-RTPS[0m
[7.197s] [ 10%] [34m[1mGenerating C++ introspection for ROS interfaces[0m
[7.199s] [ 12%] [34m[1mGenerating C++ type support dispatch for ROS interfaces[0m
[7.222s] [ 15%] [32mBuilding C object CMakeFiles/dynamixel_sdk_custom_interfaces__rosidl_generator_c.dir/rosidl_generator_c/dynamixel_sdk_custom_interfaces/srv/detail/get_position__functions.c.o[0m
[7.224s] [ 17%] [32mBuilding C object CMakeFiles/dynamixel_sdk_custom_interfaces__rosidl_generator_c.dir/rosidl_generator_c/dynamixel_sdk_custom_interfaces/msg/detail/set_position__functions.c.o[0m
[7.279s] [ 20%] [32m[1mLinking C shared library libdynamixel_sdk_custom_interfaces__rosidl_generator_c.so[0m
[7.351s] [ 20%] Built target dynamixel_sdk_custom_interfaces__rosidl_generator_c
[7.375s] [ 23%] [34m[1mGenerating C introspection for ROS interfaces[0m
[7.384s] [ 25%] [34m[1mGenerating C type support dispatch for ROS interfaces[0m
[7.887s] [35m[1mScanning dependencies of target dynamixel_sdk_custom_interfaces__rosidl_typesupport_fastrtps_cpp[0m
[7.904s] [35m[1mScanning dependencies of target dynamixel_sdk_custom_interfaces__rosidl_typesupport_cpp[0m
[7.921s] [ 28%] [32mBuilding CXX object CMakeFiles/dynamixel_sdk_custom_interfaces__rosidl_typesupport_fastrtps_cpp.dir/rosidl_typesupport_fastrtps_cpp/dynamixel_sdk_custom_interfaces/srv/detail/dds_fastrtps/get_position__type_support.cpp.o[0m
[7.923s] [ 30%] [32mBuilding CXX object CMakeFiles/dynamixel_sdk_custom_interfaces__rosidl_typesupport_fastrtps_cpp.dir/rosidl_typesupport_fastrtps_cpp/dynamixel_sdk_custom_interfaces/msg/detail/dds_fastrtps/set_position__type_support.cpp.o[0m
[7.941s] [ 33%] [32mBuilding CXX object CMakeFiles/dynamixel_sdk_custom_interfaces__rosidl_typesupport_cpp.dir/rosidl_typesupport_cpp/dynamixel_sdk_custom_interfaces/msg/set_position__type_support.cpp.o[0m
[7.953s] [ 35%] [32mBuilding CXX object CMakeFiles/dynamixel_sdk_custom_interfaces__rosidl_typesupport_cpp.dir/rosidl_typesupport_cpp/dynamixel_sdk_custom_interfaces/srv/get_position__type_support.cpp.o[0m
[7.968s] [35m[1mScanning dependencies of target dynamixel_sdk_custom_interfaces__rosidl_typesupport_introspection_cpp[0m
[8.007s] [ 38%] [32mBuilding CXX object CMakeFiles/dynamixel_sdk_custom_interfaces__rosidl_typesupport_introspection_cpp.dir/rosidl_typesupport_introspection_cpp/dynamixel_sdk_custom_interfaces/msg/detail/set_position__type_support.cpp.o[0m
[8.011s] [ 41%] [32mBuilding CXX object CMakeFiles/dynamixel_sdk_custom_interfaces__rosidl_typesupport_introspection_cpp.dir/rosidl_typesupport_introspection_cpp/dynamixel_sdk_custom_interfaces/srv/detail/get_position__type_support.cpp.o[0m
[8.144s] [35m[1mScanning dependencies of target dynamixel_sdk_custom_interfaces__rosidl_typesupport_c[0m
[8.144s] [35m[1mScanning dependencies of target dynamixel_sdk_custom_interfaces__rosidl_typesupport_introspection_c[0m
[8.182s] [ 46%] [32mBuilding C object CMakeFiles/dynamixel_sdk_custom_interfaces__rosidl_typesupport_introspection_c.dir/rosidl_typesupport_introspection_c/dynamixel_sdk_custom_interfaces/srv/detail/get_position__type_support.c.o[0m
[8.183s] [ 46%] [32mBuilding CXX object CMakeFiles/dynamixel_sdk_custom_interfaces__rosidl_typesupport_c.dir/rosidl_typesupport_c/dynamixel_sdk_custom_interfaces/srv/get_position__type_support.cpp.o[0m
[8.191s] [ 48%] [32mBuilding CXX object CMakeFiles/dynamixel_sdk_custom_interfaces__rosidl_typesupport_c.dir/rosidl_typesupport_c/dynamixel_sdk_custom_interfaces/msg/set_position__type_support.cpp.o[0m
[8.198s] [ 51%] [32mBuilding C object CMakeFiles/dynamixel_sdk_custom_interfaces__rosidl_typesupport_introspection_c.dir/rosidl_typesupport_introspection_c/dynamixel_sdk_custom_interfaces/msg/detail/set_position__type_support.c.o[0m
[8.272s] [ 53%] [32m[1mLinking C shared library libdynamixel_sdk_custom_interfaces__rosidl_typesupport_introspection_c.so[0m
[8.272s] [ 56%] [32m[1mLinking CXX shared library libdynamixel_sdk_custom_interfaces__rosidl_typesupport_c.so[0m
[8.309s] [ 58%] [32m[1mLinking CXX shared library libdynamixel_sdk_custom_interfaces__rosidl_typesupport_cpp.so[0m
[8.356s] [ 58%] Built target dynamixel_sdk_custom_interfaces__rosidl_typesupport_introspection_c
[8.369s] [ 58%] Built target dynamixel_sdk_custom_interfaces__rosidl_typesupport_c
[8.394s] [ 61%] [32m[1mLinking CXX shared library libdynamixel_sdk_custom_interfaces__rosidl_typesupport_introspection_cpp.so[0m
[8.396s] [ 61%] Built target dynamixel_sdk_custom_interfaces__rosidl_typesupport_cpp
[8.428s] [ 64%] [32m[1mLinking CXX shared library libdynamixel_sdk_custom_interfaces__rosidl_typesupport_fastrtps_cpp.so[0m
[8.466s] [ 64%] Built target dynamixel_sdk_custom_interfaces__rosidl_typesupport_introspection_cpp
[8.536s] [ 64%] Built target dynamixel_sdk_custom_interfaces__rosidl_typesupport_fastrtps_cpp
[8.561s] [ 66%] [34m[1mGenerating C type support for eProsima Fast-RTPS[0m
[9.258s] [35m[1mScanning dependencies of target dynamixel_sdk_custom_interfaces__rosidl_typesupport_fastrtps_c[0m
[9.295s] [ 69%] [32mBuilding CXX object CMakeFiles/dynamixel_sdk_custom_interfaces__rosidl_typesupport_fastrtps_c.dir/rosidl_typesupport_fastrtps_c/dynamixel_sdk_custom_interfaces/srv/detail/get_position__type_support_c.cpp.o[0m
[9.297s] [ 71%] [32mBuilding CXX object CMakeFiles/dynamixel_sdk_custom_interfaces__rosidl_typesupport_fastrtps_c.dir/rosidl_typesupport_fastrtps_c/dynamixel_sdk_custom_interfaces/msg/detail/set_position__type_support_c.cpp.o[0m
[9.674s] [ 74%] [32m[1mLinking CXX shared library libdynamixel_sdk_custom_interfaces__rosidl_typesupport_fastrtps_c.so[0m
[9.782s] [ 74%] Built target dynamixel_sdk_custom_interfaces__rosidl_typesupport_fastrtps_c
[9.812s] [35m[1mScanning dependencies of target dynamixel_sdk_custom_interfaces[0m
[9.840s] [ 74%] Built target dynamixel_sdk_custom_interfaces
[9.872s] [35m[1mScanning dependencies of target dynamixel_sdk_custom_interfaces__py[0m
[9.908s] [ 76%] [34m[1mGenerating Python code for ROS interfaces[0m
[11.168s] [ 76%] Built target dynamixel_sdk_custom_interfaces__py
[11.193s] [35m[1mScanning dependencies of target dynamixel_sdk_custom_interfaces__python[0m
[11.226s] [ 79%] [32mBuilding C object CMakeFiles/dynamixel_sdk_custom_interfaces__python.dir/rosidl_generator_py/dynamixel_sdk_custom_interfaces/msg/_set_position_s.c.o[0m
[11.228s] [ 82%] [32mBuilding C object CMakeFiles/dynamixel_sdk_custom_interfaces__python.dir/rosidl_generator_py/dynamixel_sdk_custom_interfaces/srv/_get_position_s.c.o[0m
[11.335s] [ 84%] [32m[1mLinking C shared library rosidl_generator_py/dynamixel_sdk_custom_interfaces/libdynamixel_sdk_custom_interfaces__python.so[0m
[11.397s] [ 84%] Built target dynamixel_sdk_custom_interfaces__python
[11.425s] [35m[1mScanning dependencies of target dynamixel_sdk_custom_interfaces__rosidl_typesupport_introspection_c__pyext[0m
[11.429s] [35m[1mScanning dependencies of target dynamixel_sdk_custom_interfaces__rosidl_typesupport_c__pyext[0m
[11.430s] [35m[1mScanning dependencies of target dynamixel_sdk_custom_interfaces__rosidl_typesupport_fastrtps_c__pyext[0m
[11.460s] [ 87%] [32mBuilding C object CMakeFiles/dynamixel_sdk_custom_interfaces__rosidl_typesupport_introspection_c__pyext.dir/rosidl_generator_py/dynamixel_sdk_custom_interfaces/_dynamixel_sdk_custom_interfaces_s.ep.rosidl_typesupport_introspection_c.c.o[0m
[11.462s] [ 89%] [32mBuilding C object CMakeFiles/dynamixel_sdk_custom_interfaces__rosidl_typesupport_c__pyext.dir/rosidl_generator_py/dynamixel_sdk_custom_interfaces/_dynamixel_sdk_custom_interfaces_s.ep.rosidl_typesupport_c.c.o[0m
[11.474s] [ 92%] [32mBuilding C object CMakeFiles/dynamixel_sdk_custom_interfaces__rosidl_typesupport_fastrtps_c__pyext.dir/rosidl_generator_py/dynamixel_sdk_custom_interfaces/_dynamixel_sdk_custom_interfaces_s.ep.rosidl_typesupport_fastrtps_c.c.o[0m
[11.559s] [ 94%] [32m[1mLinking C shared library rosidl_generator_py/dynamixel_sdk_custom_interfaces/dynamixel_sdk_custom_interfaces_s__rosidl_typesupport_introspection_c.cpython-38-x86_64-linux-gnu.so[0m
[11.561s] [ 97%] [32m[1mLinking C shared library rosidl_generator_py/dynamixel_sdk_custom_interfaces/dynamixel_sdk_custom_interfaces_s__rosidl_typesupport_c.cpython-38-x86_64-linux-gnu.so[0m
[11.579s] [100%] [32m[1mLinking CXX shared library rosidl_generator_py/dynamixel_sdk_custom_interfaces/dynamixel_sdk_custom_interfaces_s__rosidl_typesupport_fastrtps_c.cpython-38-x86_64-linux-gnu.so[0m
[11.623s] [100%] Built target dynamixel_sdk_custom_interfaces__rosidl_typesupport_c__pyext
[11.624s] [100%] Built target dynamixel_sdk_custom_interfaces__rosidl_typesupport_introspection_c__pyext
[11.663s] [100%] Built target dynamixel_sdk_custom_interfaces__rosidl_typesupport_fastrtps_c__pyext
[11.686s] Invoked command in '/home/lequn/Documents/GitHub/turtlebot3_ros2_ws/build/dynamixel_sdk_custom_interfaces' returned '0': CMAKE_PREFIX_PATH=${CMAKE_PREFIX_PATH}:/opt/ros/foxy:/home/lequn/Documents/GitHub/simtech_ros2_ws/install/ros2controlcli:/home/lequn/Documents/GitHub/simtech_ros2_ws/install/ros2_control_test_nodes:/home/lequn/Documents/GitHub/simtech_ros2_ws/install/kuka_rsi_simulator:/home/lequn/Documents/GitHub/simtech_ros2_ws/install/joint_state_publisher_gui:/home/lequn/Documents/GitHub/simtech_ros2_ws/install/joint_state_publisher:/home/lequn/ros2_foxy/install/ros2bag:/home/lequn/ros2_foxy/install/tracetools_launch:/home/lequn/ros2_foxy/install/topic_monitor:/home/lequn/ros2_foxy/install/examples_tf2_py:/home/lequn/ros2_foxy/install/sros2:/home/lequn/ros2_foxy/install/rqt_topic:/home/lequn/ros2_foxy/install/rqt_top:/home/lequn/ros2_foxy/install/rqt_srv:/home/lequn/ros2_foxy/install/rqt_shell:/home/lequn/ros2_foxy/install/rqt_service_caller:/home/lequn/ros2_foxy/install/rqt_reconfigure:/home/lequn/ros2_foxy/install/rqt_py_console:/home/lequn/ros2_foxy/install/rqt_publisher:/home/lequn/ros2_foxy/install/rqt_plot:/home/lequn/ros2_foxy/install/rqt_action:/home/lequn/ros2_foxy/install/rqt_msg:/home/lequn/ros2_foxy/install/rqt:/home/lequn/ros2_foxy/install/rqt_graph:/home/lequn/ros2_foxy/install/rqt_gui_py:/home/lequn/ros2_foxy/install/rqt_gui:/home/lequn/ros2_foxy/install/ros2trace:/home/lequn/ros2_foxy/install/ros2topic:/home/lequn/ros2_foxy/install/ros2test:/home/lequn/ros2_foxy/install/ros2component:/home/lequn/ros2_foxy/install/ros2param:/home/lequn/ros2_foxy/install/ros2lifecycle:/home/lequn/ros2_foxy/install/ros2service:/home/lequn/ros2_foxy/install/ros2run:/home/lequn/ros2_foxy/install/ros2launch:/home/lequn/ros2_foxy/install/ros2pkg:/home/lequn/ros2_foxy/install/ros2node:/home/lequn/ros2_foxy/install/ros2multicast:/home/lequn/ros2_foxy/install/ros2interface:/home/lequn/ros2_foxy/install/ros2doctor:/home/lequn/ros2_foxy/install/ros2action:/home/lequn/ros2_foxy/install/ros2cli:/home/lequn/ros2_foxy/install/quality_of_service_demo_py:/home/lequn/ros2_foxy/install/launch_testing_ros:/home/lequn/ros2_foxy/install/launch_ros:/home/lequn/ros2_foxy/install/examples_rclpy_minimal_subscriber:/home/lequn/ros2_foxy/install/examples_rclpy_minimal_service:/home/lequn/ros2_foxy/install/examples_rclpy_minimal_publisher:/home/lequn/ros2_foxy/install/examples_rclpy_minimal_client:/home/lequn/ros2_foxy/install/examples_rclpy_minimal_action_server:/home/lequn/ros2_foxy/install/examples_rclpy_minimal_action_client:/home/lequn/ros2_foxy/install/examples_rclpy_executors:/home/lequn/ros2_foxy/install/demo_nodes_py:/home/lequn/ros2_foxy/install/action_tutorials_py:/home/lequn/ros2_foxy/install/ament_uncrustify:/home/lequn/ros2_foxy/install/tracetools_trace:/home/lequn/ros2_foxy/install/tracetools_read:/home/lequn/ros2_foxy/install/test_launch_ros:/home/lequn/ros2_foxy/install/sensor_msgs_py:/home/lequn/ros2_foxy/install/rpyutils:/home/lequn/ros2_foxy/install/rosidl_runtime_py:/home/lequn/ros2_foxy/install/launch_yaml:/home/lequn/ros2_foxy/install/launch_xml:/home/lequn/ros2_foxy/install/launch_testing:/home/lequn/ros2_foxy/install/launch:/home/lequn/ros2_foxy/install/osrf_pycommon:/home/lequn/ros2_foxy/install/domain_coordinator:/home/lequn/ros2_foxy/install/ament_xmllint:/home/lequn/ros2_foxy/install/ament_pyflakes:/home/lequn/ros2_foxy/install/ament_pycodestyle:/home/lequn/ros2_foxy/install/ament_pep257:/home/lequn/ros2_foxy/install/ament_pclint:/home/lequn/ros2_foxy/install/ament_package:/home/lequn/ros2_foxy/install/ament_mypy:/home/lequn/ros2_foxy/install/ament_lint_cmake:/home/lequn/ros2_foxy/install/ament_flake8:/home/lequn/ros2_foxy/install/ament_copyright:/home/lequn/ros2_foxy/install/ament_lint:/home/lequn/ros2_foxy/install/ament_index_python:/home/lequn/ros2_foxy/install/ament_cpplint:/home/lequn/ros2_foxy/install/ament_cppcheck:/home/lequn/ros2_foxy/install/ament_clang_tidy:/home/lequn/ros2_foxy/install/ament_clang_format /usr/bin/cmake --build /home/lequn/Documents/GitHub/turtlebot3_ros2_ws/build/dynamixel_sdk_custom_interfaces -- -j16 -l16
[11.973s] Invoking command in '/home/lequn/Documents/GitHub/turtlebot3_ros2_ws/build/dynamixel_sdk_custom_interfaces': CMAKE_PREFIX_PATH=${CMAKE_PREFIX_PATH}:/opt/ros/foxy:/home/lequn/Documents/GitHub/simtech_ros2_ws/install/ros2controlcli:/home/lequn/Documents/GitHub/simtech_ros2_ws/install/ros2_control_test_nodes:/home/lequn/Documents/GitHub/simtech_ros2_ws/install/kuka_rsi_simulator:/home/lequn/Documents/GitHub/simtech_ros2_ws/install/joint_state_publisher_gui:/home/lequn/Documents/GitHub/simtech_ros2_ws/install/joint_state_publisher:/home/lequn/ros2_foxy/install/ros2bag:/home/lequn/ros2_foxy/install/tracetools_launch:/home/lequn/ros2_foxy/install/topic_monitor:/home/lequn/ros2_foxy/install/examples_tf2_py:/home/lequn/ros2_foxy/install/sros2:/home/lequn/ros2_foxy/install/rqt_topic:/home/lequn/ros2_foxy/install/rqt_top:/home/lequn/ros2_foxy/install/rqt_srv:/home/lequn/ros2_foxy/install/rqt_shell:/home/lequn/ros2_foxy/install/rqt_service_caller:/home/lequn/ros2_foxy/install/rqt_reconfigure:/home/lequn/ros2_foxy/install/rqt_py_console:/home/lequn/ros2_foxy/install/rqt_publisher:/home/lequn/ros2_foxy/install/rqt_plot:/home/lequn/ros2_foxy/install/rqt_action:/home/lequn/ros2_foxy/install/rqt_msg:/home/lequn/ros2_foxy/install/rqt:/home/lequn/ros2_foxy/install/rqt_graph:/home/lequn/ros2_foxy/install/rqt_gui_py:/home/lequn/ros2_foxy/install/rqt_gui:/home/lequn/ros2_foxy/install/ros2trace:/home/lequn/ros2_foxy/install/ros2topic:/home/lequn/ros2_foxy/install/ros2test:/home/lequn/ros2_foxy/install/ros2component:/home/lequn/ros2_foxy/install/ros2param:/home/lequn/ros2_foxy/install/ros2lifecycle:/home/lequn/ros2_foxy/install/ros2service:/home/lequn/ros2_foxy/install/ros2run:/home/lequn/ros2_foxy/install/ros2launch:/home/lequn/ros2_foxy/install/ros2pkg:/home/lequn/ros2_foxy/install/ros2node:/home/lequn/ros2_foxy/install/ros2multicast:/home/lequn/ros2_foxy/install/ros2interface:/home/lequn/ros2_foxy/install/ros2doctor:/home/lequn/ros2_foxy/install/ros2action:/home/lequn/ros2_foxy/install/ros2cli:/home/lequn/ros2_foxy/install/quality_of_service_demo_py:/home/lequn/ros2_foxy/install/launch_testing_ros:/home/lequn/ros2_foxy/install/launch_ros:/home/lequn/ros2_foxy/install/examples_rclpy_minimal_subscriber:/home/lequn/ros2_foxy/install/examples_rclpy_minimal_service:/home/lequn/ros2_foxy/install/examples_rclpy_minimal_publisher:/home/lequn/ros2_foxy/install/examples_rclpy_minimal_client:/home/lequn/ros2_foxy/install/examples_rclpy_minimal_action_server:/home/lequn/ros2_foxy/install/examples_rclpy_minimal_action_client:/home/lequn/ros2_foxy/install/examples_rclpy_executors:/home/lequn/ros2_foxy/install/demo_nodes_py:/home/lequn/ros2_foxy/install/action_tutorials_py:/home/lequn/ros2_foxy/install/ament_uncrustify:/home/lequn/ros2_foxy/install/tracetools_trace:/home/lequn/ros2_foxy/install/tracetools_read:/home/lequn/ros2_foxy/install/test_launch_ros:/home/lequn/ros2_foxy/install/sensor_msgs_py:/home/lequn/ros2_foxy/install/rpyutils:/home/lequn/ros2_foxy/install/rosidl_runtime_py:/home/lequn/ros2_foxy/install/launch_yaml:/home/lequn/ros2_foxy/install/launch_xml:/home/lequn/ros2_foxy/install/launch_testing:/home/lequn/ros2_foxy/install/launch:/home/lequn/ros2_foxy/install/osrf_pycommon:/home/lequn/ros2_foxy/install/domain_coordinator:/home/lequn/ros2_foxy/install/ament_xmllint:/home/lequn/ros2_foxy/install/ament_pyflakes:/home/lequn/ros2_foxy/install/ament_pycodestyle:/home/lequn/ros2_foxy/install/ament_pep257:/home/lequn/ros2_foxy/install/ament_pclint:/home/lequn/ros2_foxy/install/ament_package:/home/lequn/ros2_foxy/install/ament_mypy:/home/lequn/ros2_foxy/install/ament_lint_cmake:/home/lequn/ros2_foxy/install/ament_flake8:/home/lequn/ros2_foxy/install/ament_copyright:/home/lequn/ros2_foxy/install/ament_lint:/home/lequn/ros2_foxy/install/ament_index_python:/home/lequn/ros2_foxy/install/ament_cpplint:/home/lequn/ros2_foxy/install/ament_cppcheck:/home/lequn/ros2_foxy/install/ament_clang_tidy:/home/lequn/ros2_foxy/install/ament_clang_format /usr/bin/cmake --install /home/lequn/Documents/GitHub/turtlebot3_ros2_ws/build/dynamixel_sdk_custom_interfaces
[11.989s] -- Install configuration: ""
[11.990s] -- Execute custom install script
[11.990s] -- Symlinking: /home/lequn/Documents/GitHub/turtlebot3_ros2_ws/install/dynamixel_sdk_custom_interfaces/share/ament_index/resource_index/rosidl_interfaces/dynamixel_sdk_custom_interfaces
[12.009s] -- Symlinking: /home/lequn/Documents/GitHub/turtlebot3_ros2_ws/install/dynamixel_sdk_custom_interfaces/include/dynamixel_sdk_custom_interfaces/msg/detail/set_position__functions.h
[12.033s] -- Symlinking: /home/lequn/Documents/GitHub/turtlebot3_ros2_ws/install/dynamixel_sdk_custom_interfaces/include/dynamixel_sdk_custom_interfaces/msg/detail/set_position__struct.h
[12.049s] -- Symlinking: /home/lequn/Documents/GitHub/turtlebot3_ros2_ws/install/dynamixel_sdk_custom_interfaces/include/dynamixel_sdk_custom_interfaces/msg/detail/set_position__type_support.h
[12.069s] -- Symlinking: /home/lequn/Documents/GitHub/turtlebot3_ros2_ws/install/dynamixel_sdk_custom_interfaces/include/dynamixel_sdk_custom_interfaces/msg/rosidl_generator_c__visibility_control.h
[12.087s] -- Symlinking: /home/lequn/Documents/GitHub/turtlebot3_ros2_ws/install/dynamixel_sdk_custom_interfaces/include/dynamixel_sdk_custom_interfaces/msg/set_position.h
[12.107s] -- Symlinking: /home/lequn/Documents/GitHub/turtlebot3_ros2_ws/install/dynamixel_sdk_custom_interfaces/include/dynamixel_sdk_custom_interfaces/srv/detail/get_position__functions.h
[12.130s] -- Symlinking: /home/lequn/Documents/GitHub/turtlebot3_ros2_ws/install/dynamixel_sdk_custom_interfaces/include/dynamixel_sdk_custom_interfaces/srv/detail/get_position__struct.h
[12.153s] -- Symlinking: /home/lequn/Documents/GitHub/turtlebot3_ros2_ws/install/dynamixel_sdk_custom_interfaces/include/dynamixel_sdk_custom_interfaces/srv/detail/get_position__type_support.h
[12.172s] -- Symlinking: /home/lequn/Documents/GitHub/turtlebot3_ros2_ws/install/dynamixel_sdk_custom_interfaces/include/dynamixel_sdk_custom_interfaces/srv/get_position.h
[12.194s] -- Symlinking: /home/lequn/Documents/GitHub/turtlebot3_ros2_ws/install/dynamixel_sdk_custom_interfaces/share/dynamixel_sdk_custom_interfaces/environment/library_path.sh
[12.220s] -- Symlinking: /home/lequn/Documents/GitHub/turtlebot3_ros2_ws/install/dynamixel_sdk_custom_interfaces/share/dynamixel_sdk_custom_interfaces/environment/library_path.dsv
[12.245s] -- Symlinking: /home/lequn/Documents/GitHub/turtlebot3_ros2_ws/install/dynamixel_sdk_custom_interfaces/include/dynamixel_sdk_custom_interfaces/msg/detail/set_position__rosidl_typesupport_fastrtps_c.h
[12.262s] -- Symlinking: /home/lequn/Documents/GitHub/turtlebot3_ros2_ws/install/dynamixel_sdk_custom_interfaces/include/dynamixel_sdk_custom_interfaces/msg/rosidl_typesupport_fastrtps_c__visibility_control.h
[12.288s] -- Symlinking: /home/lequn/Documents/GitHub/turtlebot3_ros2_ws/install/dynamixel_sdk_custom_interfaces/include/dynamixel_sdk_custom_interfaces/srv/detail/get_position__rosidl_typesupport_fastrtps_c.h
[12.315s] -- Symlinking: /home/lequn/Documents/GitHub/turtlebot3_ros2_ws/install/dynamixel_sdk_custom_interfaces/lib/libdynamixel_sdk_custom_interfaces__rosidl_typesupport_fastrtps_c.so
[12.344s] -- Symlinking: /home/lequn/Documents/GitHub/turtlebot3_ros2_ws/install/dynamixel_sdk_custom_interfaces/include/dynamixel_sdk_custom_interfaces/msg/detail/set_position__rosidl_typesupport_fastrtps_cpp.hpp
[12.368s] -- Symlinking: /home/lequn/Documents/GitHub/turtlebot3_ros2_ws/install/dynamixel_sdk_custom_interfaces/include/dynamixel_sdk_custom_interfaces/msg/rosidl_typesupport_fastrtps_cpp__visibility_control.h
[12.386s] -- Symlinking: /home/lequn/Documents/GitHub/turtlebot3_ros2_ws/install/dynamixel_sdk_custom_interfaces/include/dynamixel_sdk_custom_interfaces/srv/detail/get_position__rosidl_typesupport_fastrtps_cpp.hpp
[12.414s] -- Symlinking: /home/lequn/Documents/GitHub/turtlebot3_ros2_ws/install/dynamixel_sdk_custom_interfaces/lib/libdynamixel_sdk_custom_interfaces__rosidl_typesupport_fastrtps_cpp.so
[12.443s] -- Symlinking: /home/lequn/Documents/GitHub/turtlebot3_ros2_ws/install/dynamixel_sdk_custom_interfaces/include/dynamixel_sdk_custom_interfaces/msg/detail/set_position__rosidl_typesupport_introspection_c.h
[12.473s] -- Symlinking: /home/lequn/Documents/GitHub/turtlebot3_ros2_ws/install/dynamixel_sdk_custom_interfaces/include/dynamixel_sdk_custom_interfaces/msg/rosidl_typesupport_introspection_c__visibility_control.h
[12.497s] -- Symlinking: /home/lequn/Documents/GitHub/turtlebot3_ros2_ws/install/dynamixel_sdk_custom_interfaces/include/dynamixel_sdk_custom_interfaces/srv/detail/get_position__rosidl_typesupport_introspection_c.h
[12.517s] -- Symlinking: /home/lequn/Documents/GitHub/turtlebot3_ros2_ws/install/dynamixel_sdk_custom_interfaces/include/dynamixel_sdk_custom_interfaces/msg/detail/set_position__builder.hpp
[12.535s] -- Symlinking: /home/lequn/Documents/GitHub/turtlebot3_ros2_ws/install/dynamixel_sdk_custom_interfaces/include/dynamixel_sdk_custom_interfaces/msg/detail/set_position__struct.hpp
[12.553s] -- Symlinking: /home/lequn/Documents/GitHub/turtlebot3_ros2_ws/install/dynamixel_sdk_custom_interfaces/include/dynamixel_sdk_custom_interfaces/msg/detail/set_position__traits.hpp
[12.571s] -- Symlinking: /home/lequn/Documents/GitHub/turtlebot3_ros2_ws/install/dynamixel_sdk_custom_interfaces/include/dynamixel_sdk_custom_interfaces/msg/set_position.hpp
[12.589s] -- Symlinking: /home/lequn/Documents/GitHub/turtlebot3_ros2_ws/install/dynamixel_sdk_custom_interfaces/include/dynamixel_sdk_custom_interfaces/srv/detail/get_position__builder.hpp
[12.608s] -- Symlinking: /home/lequn/Documents/GitHub/turtlebot3_ros2_ws/install/dynamixel_sdk_custom_interfaces/include/dynamixel_sdk_custom_interfaces/srv/detail/get_position__struct.hpp
[12.627s] -- Symlinking: /home/lequn/Documents/GitHub/turtlebot3_ros2_ws/install/dynamixel_sdk_custom_interfaces/include/dynamixel_sdk_custom_interfaces/srv/detail/get_position__traits.hpp
[12.646s] -- Symlinking: /home/lequn/Documents/GitHub/turtlebot3_ros2_ws/install/dynamixel_sdk_custom_interfaces/include/dynamixel_sdk_custom_interfaces/srv/get_position.hpp
[12.665s] -- Symlinking: /home/lequn/Documents/GitHub/turtlebot3_ros2_ws/install/dynamixel_sdk_custom_interfaces/include/dynamixel_sdk_custom_interfaces/msg/detail/set_position__rosidl_typesupport_introspection_cpp.hpp
[12.684s] -- Symlinking: /home/lequn/Documents/GitHub/turtlebot3_ros2_ws/install/dynamixel_sdk_custom_interfaces/include/dynamixel_sdk_custom_interfaces/srv/detail/get_position__rosidl_typesupport_introspection_cpp.hpp
[12.699s] -- Symlinking: /home/lequn/Documents/GitHub/turtlebot3_ros2_ws/install/dynamixel_sdk_custom_interfaces/share/dynamixel_sdk_custom_interfaces/environment/pythonpath.sh
[12.718s] -- Symlinking: /home/lequn/Documents/GitHub/turtlebot3_ros2_ws/install/dynamixel_sdk_custom_interfaces/share/dynamixel_sdk_custom_interfaces/environment/pythonpath.dsv
[12.735s] -- Symlinking: /home/lequn/Documents/GitHub/turtlebot3_ros2_ws/install/dynamixel_sdk_custom_interfaces/lib/python3.8/site-packages/dynamixel_sdk_custom_interfaces/__init__.py
[12.754s] -- Symlinking: /home/lequn/Documents/GitHub/turtlebot3_ros2_ws/install/dynamixel_sdk_custom_interfaces/lib/python3.8/site-packages/dynamixel_sdk_custom_interfaces/msg/__init__.py
[12.777s] -- Symlinking: /home/lequn/Documents/GitHub/turtlebot3_ros2_ws/install/dynamixel_sdk_custom_interfaces/lib/python3.8/site-packages/dynamixel_sdk_custom_interfaces/msg/_set_position.py
[12.795s] -- Symlinking: /home/lequn/Documents/GitHub/turtlebot3_ros2_ws/install/dynamixel_sdk_custom_interfaces/lib/python3.8/site-packages/dynamixel_sdk_custom_interfaces/srv/__init__.py
[12.820s] -- Symlinking: /home/lequn/Documents/GitHub/turtlebot3_ros2_ws/install/dynamixel_sdk_custom_interfaces/lib/python3.8/site-packages/dynamixel_sdk_custom_interfaces/srv/_get_position.py
[12.838s] -- Symlinking: /home/lequn/Documents/GitHub/turtlebot3_ros2_ws/install/dynamixel_sdk_custom_interfaces/lib/python3.8/site-packages/dynamixel_sdk_custom_interfaces/dynamixel_sdk_custom_interfaces_s__rosidl_typesupport_fastrtps_c.cpython-38-x86_64-linux-gnu.so
[12.859s] -- Symlinking: /home/lequn/Documents/GitHub/turtlebot3_ros2_ws/install/dynamixel_sdk_custom_interfaces/lib/python3.8/site-packages/dynamixel_sdk_custom_interfaces/dynamixel_sdk_custom_interfaces_s__rosidl_typesupport_introspection_c.cpython-38-x86_64-linux-gnu.so
[12.880s] -- Symlinking: /home/lequn/Documents/GitHub/turtlebot3_ros2_ws/install/dynamixel_sdk_custom_interfaces/lib/python3.8/site-packages/dynamixel_sdk_custom_interfaces/dynamixel_sdk_custom_interfaces_s__rosidl_typesupport_c.cpython-38-x86_64-linux-gnu.so
[12.897s] -- Symlinking: /home/lequn/Documents/GitHub/turtlebot3_ros2_ws/install/dynamixel_sdk_custom_interfaces/lib/libdynamixel_sdk_custom_interfaces__python.so
[12.919s] -- Symlinking: /home/lequn/Documents/GitHub/turtlebot3_ros2_ws/install/dynamixel_sdk_custom_interfaces/share/dynamixel_sdk_custom_interfaces/msg/SetPosition.idl
[12.936s] -- Symlinking: /home/lequn/Documents/GitHub/turtlebot3_ros2_ws/install/dynamixel_sdk_custom_interfaces/share/dynamixel_sdk_custom_interfaces/srv/GetPosition.idl
[12.953s] -- Symlinking: /home/lequn/Documents/GitHub/turtlebot3_ros2_ws/install/dynamixel_sdk_custom_interfaces/share/dynamixel_sdk_custom_interfaces/msg/SetPosition.msg
[12.972s] -- Symlinking: /home/lequn/Documents/GitHub/turtlebot3_ros2_ws/install/dynamixel_sdk_custom_interfaces/share/dynamixel_sdk_custom_interfaces/srv/GetPosition.srv
[12.989s] -- Symlinking: /home/lequn/Documents/GitHub/turtlebot3_ros2_ws/install/dynamixel_sdk_custom_interfaces/share/dynamixel_sdk_custom_interfaces/srv/GetPosition_Request.msg
[13.007s] -- Symlinking: /home/lequn/Documents/GitHub/turtlebot3_ros2_ws/install/dynamixel_sdk_custom_interfaces/share/dynamixel_sdk_custom_interfaces/srv/GetPosition_Response.msg
[13.025s] -- Symlinking: /home/lequn/Documents/GitHub/turtlebot3_ros2_ws/install/dynamixel_sdk_custom_interfaces/share/ament_index/resource_index/package_run_dependencies/dynamixel_sdk_custom_interfaces
[13.045s] -- Symlinking: /home/lequn/Documents/GitHub/turtlebot3_ros2_ws/install/dynamixel_sdk_custom_interfaces/share/ament_index/resource_index/parent_prefix_path/dynamixel_sdk_custom_interfaces
[13.065s] -- Symlinking: /home/lequn/Documents/GitHub/turtlebot3_ros2_ws/install/dynamixel_sdk_custom_interfaces/share/dynamixel_sdk_custom_interfaces/environment/ament_prefix_path.sh
[13.088s] -- Symlinking: /home/lequn/Documents/GitHub/turtlebot3_ros2_ws/install/dynamixel_sdk_custom_interfaces/share/dynamixel_sdk_custom_interfaces/environment/ament_prefix_path.dsv
[13.114s] -- Symlinking: /home/lequn/Documents/GitHub/turtlebot3_ros2_ws/install/dynamixel_sdk_custom_interfaces/share/dynamixel_sdk_custom_interfaces/environment/path.sh
[13.131s] -- Symlinking: /home/lequn/Documents/GitHub/turtlebot3_ros2_ws/install/dynamixel_sdk_custom_interfaces/share/dynamixel_sdk_custom_interfaces/environment/path.dsv
[13.154s] -- Symlinking: /home/lequn/Documents/GitHub/turtlebot3_ros2_ws/install/dynamixel_sdk_custom_interfaces/share/dynamixel_sdk_custom_interfaces/local_setup.bash
[13.180s] -- Symlinking: /home/lequn/Documents/GitHub/turtlebot3_ros2_ws/install/dynamixel_sdk_custom_interfaces/share/dynamixel_sdk_custom_interfaces/local_setup.sh
[13.199s] -- Symlinking: /home/lequn/Documents/GitHub/turtlebot3_ros2_ws/install/dynamixel_sdk_custom_interfaces/share/dynamixel_sdk_custom_interfaces/local_setup.zsh
[13.220s] -- Symlinking: /home/lequn/Documents/GitHub/turtlebot3_ros2_ws/install/dynamixel_sdk_custom_interfaces/share/dynamixel_sdk_custom_interfaces/local_setup.dsv
[13.241s] -- Symlinking: /home/lequn/Documents/GitHub/turtlebot3_ros2_ws/install/dynamixel_sdk_custom_interfaces/share/dynamixel_sdk_custom_interfaces/package.dsv
[13.258s] -- Symlinking: /home/lequn/Documents/GitHub/turtlebot3_ros2_ws/install/dynamixel_sdk_custom_interfaces/share/ament_index/resource_index/packages/dynamixel_sdk_custom_interfaces
[13.276s] -- Symlinking: /home/lequn/Documents/GitHub/turtlebot3_ros2_ws/install/dynamixel_sdk_custom_interfaces/share/dynamixel_sdk_custom_interfaces/cmake/rosidl_cmake-extras.cmake
[13.296s] -- Symlinking: /home/lequn/Documents/GitHub/turtlebot3_ros2_ws/install/dynamixel_sdk_custom_interfaces/share/dynamixel_sdk_custom_interfaces/cmake/ament_cmake_export_dependencies-extras.cmake
[13.322s] -- Symlinking: /home/lequn/Documents/GitHub/turtlebot3_ros2_ws/install/dynamixel_sdk_custom_interfaces/share/dynamixel_sdk_custom_interfaces/cmake/ament_cmake_export_libraries-extras.cmake
[13.340s] -- Symlinking: /home/lequn/Documents/GitHub/turtlebot3_ros2_ws/install/dynamixel_sdk_custom_interfaces/share/dynamixel_sdk_custom_interfaces/cmake/ament_cmake_export_targets-extras.cmake
[13.360s] -- Symlinking: /home/lequn/Documents/GitHub/turtlebot3_ros2_ws/install/dynamixel_sdk_custom_interfaces/share/dynamixel_sdk_custom_interfaces/cmake/ament_cmake_export_include_directories-extras.cmake
[13.379s] -- Symlinking: /home/lequn/Documents/GitHub/turtlebot3_ros2_ws/install/dynamixel_sdk_custom_interfaces/share/dynamixel_sdk_custom_interfaces/cmake/rosidl_cmake_export_typesupport_libraries-extras.cmake
[13.398s] -- Symlinking: /home/lequn/Documents/GitHub/turtlebot3_ros2_ws/install/dynamixel_sdk_custom_interfaces/share/dynamixel_sdk_custom_interfaces/cmake/rosidl_cmake_export_typesupport_targets-extras.cmake
[13.416s] -- Symlinking: /home/lequn/Documents/GitHub/turtlebot3_ros2_ws/install/dynamixel_sdk_custom_interfaces/share/dynamixel_sdk_custom_interfaces/cmake/dynamixel_sdk_custom_interfacesConfig.cmake
[13.440s] -- Symlinking: /home/lequn/Documents/GitHub/turtlebot3_ros2_ws/install/dynamixel_sdk_custom_interfaces/share/dynamixel_sdk_custom_interfaces/cmake/dynamixel_sdk_custom_interfacesConfig-version.cmake
[13.458s] -- Symlinking: /home/lequn/Documents/GitHub/turtlebot3_ros2_ws/install/dynamixel_sdk_custom_interfaces/share/dynamixel_sdk_custom_interfaces/package.xml
[13.476s] -- Installing: /home/lequn/Documents/GitHub/turtlebot3_ros2_ws/install/dynamixel_sdk_custom_interfaces/lib/libdynamixel_sdk_custom_interfaces__rosidl_generator_c.so
[13.476s] -- Set runtime path of "/home/lequn/Documents/GitHub/turtlebot3_ros2_ws/install/dynamixel_sdk_custom_interfaces/lib/libdynamixel_sdk_custom_interfaces__rosidl_generator_c.so" to ""
[13.476s] -- Installing: /home/lequn/Documents/GitHub/turtlebot3_ros2_ws/install/dynamixel_sdk_custom_interfaces/lib/libdynamixel_sdk_custom_interfaces__rosidl_typesupport_introspection_c.so
[13.477s] -- Set runtime path of "/home/lequn/Documents/GitHub/turtlebot3_ros2_ws/install/dynamixel_sdk_custom_interfaces/lib/libdynamixel_sdk_custom_interfaces__rosidl_typesupport_introspection_c.so" to ""
[13.477s] -- Installing: /home/lequn/Documents/GitHub/turtlebot3_ros2_ws/install/dynamixel_sdk_custom_interfaces/lib/libdynamixel_sdk_custom_interfaces__rosidl_typesupport_c.so
[13.477s] -- Set runtime path of "/home/lequn/Documents/GitHub/turtlebot3_ros2_ws/install/dynamixel_sdk_custom_interfaces/lib/libdynamixel_sdk_custom_interfaces__rosidl_typesupport_c.so" to ""
[13.477s] -- Installing: /home/lequn/Documents/GitHub/turtlebot3_ros2_ws/install/dynamixel_sdk_custom_interfaces/lib/libdynamixel_sdk_custom_interfaces__rosidl_typesupport_introspection_cpp.so
[13.478s] -- Set runtime path of "/home/lequn/Documents/GitHub/turtlebot3_ros2_ws/install/dynamixel_sdk_custom_interfaces/lib/libdynamixel_sdk_custom_interfaces__rosidl_typesupport_introspection_cpp.so" to ""
[13.478s] -- Installing: /home/lequn/Documents/GitHub/turtlebot3_ros2_ws/install/dynamixel_sdk_custom_interfaces/lib/libdynamixel_sdk_custom_interfaces__rosidl_typesupport_cpp.so
[13.478s] -- Set runtime path of "/home/lequn/Documents/GitHub/turtlebot3_ros2_ws/install/dynamixel_sdk_custom_interfaces/lib/libdynamixel_sdk_custom_interfaces__rosidl_typesupport_cpp.so" to ""
[13.798s] Compiling '/home/lequn/Documents/GitHub/turtlebot3_ros2_ws/install/dynamixel_sdk_custom_interfaces/lib/python3.8/site-packages/dynamixel_sdk_custom_interfaces/__init__.py'...
[13.801s] -- Installing: /home/lequn/Documents/GitHub/turtlebot3_ros2_ws/install/dynamixel_sdk_custom_interfaces/share/dynamixel_sdk_custom_interfaces/cmake/dynamixel_sdk_custom_interfaces__rosidl_generator_cExport.cmake
[13.802s] -- Installing: /home/lequn/Documents/GitHub/turtlebot3_ros2_ws/install/dynamixel_sdk_custom_interfaces/share/dynamixel_sdk_custom_interfaces/cmake/dynamixel_sdk_custom_interfaces__rosidl_generator_cExport-noconfig.cmake
[13.802s] -- Installing: /home/lequn/Documents/GitHub/turtlebot3_ros2_ws/install/dynamixel_sdk_custom_interfaces/share/dynamixel_sdk_custom_interfaces/cmake/dynamixel_sdk_custom_interfaces__rosidl_typesupport_introspection_cExport.cmake
[13.802s] -- Installing: /home/lequn/Documents/GitHub/turtlebot3_ros2_ws/install/dynamixel_sdk_custom_interfaces/share/dynamixel_sdk_custom_interfaces/cmake/dynamixel_sdk_custom_interfaces__rosidl_typesupport_introspection_cExport-noconfig.cmake
[13.802s] -- Installing: /home/lequn/Documents/GitHub/turtlebot3_ros2_ws/install/dynamixel_sdk_custom_interfaces/share/dynamixel_sdk_custom_interfaces/cmake/dynamixel_sdk_custom_interfaces__rosidl_typesupport_cExport.cmake
[13.803s] -- Installing: /home/lequn/Documents/GitHub/turtlebot3_ros2_ws/install/dynamixel_sdk_custom_interfaces/share/dynamixel_sdk_custom_interfaces/cmake/dynamixel_sdk_custom_interfaces__rosidl_typesupport_cExport-noconfig.cmake
[13.803s] -- Installing: /home/lequn/Documents/GitHub/turtlebot3_ros2_ws/install/dynamixel_sdk_custom_interfaces/share/dynamixel_sdk_custom_interfaces/cmake/dynamixel_sdk_custom_interfaces__rosidl_generator_cppExport.cmake
[13.803s] -- Installing: /home/lequn/Documents/GitHub/turtlebot3_ros2_ws/install/dynamixel_sdk_custom_interfaces/share/dynamixel_sdk_custom_interfaces/cmake/dynamixel_sdk_custom_interfaces__rosidl_typesupport_introspection_cppExport.cmake
[13.803s] -- Installing: /home/lequn/Documents/GitHub/turtlebot3_ros2_ws/install/dynamixel_sdk_custom_interfaces/share/dynamixel_sdk_custom_interfaces/cmake/dynamixel_sdk_custom_interfaces__rosidl_typesupport_introspection_cppExport-noconfig.cmake
[13.803s] -- Installing: /home/lequn/Documents/GitHub/turtlebot3_ros2_ws/install/dynamixel_sdk_custom_interfaces/share/dynamixel_sdk_custom_interfaces/cmake/dynamixel_sdk_custom_interfaces__rosidl_typesupport_cppExport.cmake
[13.803s] -- Installing: /home/lequn/Documents/GitHub/turtlebot3_ros2_ws/install/dynamixel_sdk_custom_interfaces/share/dynamixel_sdk_custom_interfaces/cmake/dynamixel_sdk_custom_interfaces__rosidl_typesupport_cppExport-noconfig.cmake
[13.806s] Invoked command in '/home/lequn/Documents/GitHub/turtlebot3_ros2_ws/build/dynamixel_sdk_custom_interfaces' returned '0': CMAKE_PREFIX_PATH=${CMAKE_PREFIX_PATH}:/opt/ros/foxy:/home/lequn/Documents/GitHub/simtech_ros2_ws/install/ros2controlcli:/home/lequn/Documents/GitHub/simtech_ros2_ws/install/ros2_control_test_nodes:/home/lequn/Documents/GitHub/simtech_ros2_ws/install/kuka_rsi_simulator:/home/lequn/Documents/GitHub/simtech_ros2_ws/install/joint_state_publisher_gui:/home/lequn/Documents/GitHub/simtech_ros2_ws/install/joint_state_publisher:/home/lequn/ros2_foxy/install/ros2bag:/home/lequn/ros2_foxy/install/tracetools_launch:/home/lequn/ros2_foxy/install/topic_monitor:/home/lequn/ros2_foxy/install/examples_tf2_py:/home/lequn/ros2_foxy/install/sros2:/home/lequn/ros2_foxy/install/rqt_topic:/home/lequn/ros2_foxy/install/rqt_top:/home/lequn/ros2_foxy/install/rqt_srv:/home/lequn/ros2_foxy/install/rqt_shell:/home/lequn/ros2_foxy/install/rqt_service_caller:/home/lequn/ros2_foxy/install/rqt_reconfigure:/home/lequn/ros2_foxy/install/rqt_py_console:/home/lequn/ros2_foxy/install/rqt_publisher:/home/lequn/ros2_foxy/install/rqt_plot:/home/lequn/ros2_foxy/install/rqt_action:/home/lequn/ros2_foxy/install/rqt_msg:/home/lequn/ros2_foxy/install/rqt:/home/lequn/ros2_foxy/install/rqt_graph:/home/lequn/ros2_foxy/install/rqt_gui_py:/home/lequn/ros2_foxy/install/rqt_gui:/home/lequn/ros2_foxy/install/ros2trace:/home/lequn/ros2_foxy/install/ros2topic:/home/lequn/ros2_foxy/install/ros2test:/home/lequn/ros2_foxy/install/ros2component:/home/lequn/ros2_foxy/install/ros2param:/home/lequn/ros2_foxy/install/ros2lifecycle:/home/lequn/ros2_foxy/install/ros2service:/home/lequn/ros2_foxy/install/ros2run:/home/lequn/ros2_foxy/install/ros2launch:/home/lequn/ros2_foxy/install/ros2pkg:/home/lequn/ros2_foxy/install/ros2node:/home/lequn/ros2_foxy/install/ros2multicast:/home/lequn/ros2_foxy/install/ros2interface:/home/lequn/ros2_foxy/install/ros2doctor:/home/lequn/ros2_foxy/install/ros2action:/home/lequn/ros2_foxy/install/ros2cli:/home/lequn/ros2_foxy/install/quality_of_service_demo_py:/home/lequn/ros2_foxy/install/launch_testing_ros:/home/lequn/ros2_foxy/install/launch_ros:/home/lequn/ros2_foxy/install/examples_rclpy_minimal_subscriber:/home/lequn/ros2_foxy/install/examples_rclpy_minimal_service:/home/lequn/ros2_foxy/install/examples_rclpy_minimal_publisher:/home/lequn/ros2_foxy/install/examples_rclpy_minimal_client:/home/lequn/ros2_foxy/install/examples_rclpy_minimal_action_server:/home/lequn/ros2_foxy/install/examples_rclpy_minimal_action_client:/home/lequn/ros2_foxy/install/examples_rclpy_executors:/home/lequn/ros2_foxy/install/demo_nodes_py:/home/lequn/ros2_foxy/install/action_tutorials_py:/home/lequn/ros2_foxy/install/ament_uncrustify:/home/lequn/ros2_foxy/install/tracetools_trace:/home/lequn/ros2_foxy/install/tracetools_read:/home/lequn/ros2_foxy/install/test_launch_ros:/home/lequn/ros2_foxy/install/sensor_msgs_py:/home/lequn/ros2_foxy/install/rpyutils:/home/lequn/ros2_foxy/install/rosidl_runtime_py:/home/lequn/ros2_foxy/install/launch_yaml:/home/lequn/ros2_foxy/install/launch_xml:/home/lequn/ros2_foxy/install/launch_testing:/home/lequn/ros2_foxy/install/launch:/home/lequn/ros2_foxy/install/osrf_pycommon:/home/lequn/ros2_foxy/install/domain_coordinator:/home/lequn/ros2_foxy/install/ament_xmllint:/home/lequn/ros2_foxy/install/ament_pyflakes:/home/lequn/ros2_foxy/install/ament_pycodestyle:/home/lequn/ros2_foxy/install/ament_pep257:/home/lequn/ros2_foxy/install/ament_pclint:/home/lequn/ros2_foxy/install/ament_package:/home/lequn/ros2_foxy/install/ament_mypy:/home/lequn/ros2_foxy/install/ament_lint_cmake:/home/lequn/ros2_foxy/install/ament_flake8:/home/lequn/ros2_foxy/install/ament_copyright:/home/lequn/ros2_foxy/install/ament_lint:/home/lequn/ros2_foxy/install/ament_index_python:/home/lequn/ros2_foxy/install/ament_cpplint:/home/lequn/ros2_foxy/install/ament_cppcheck:/home/lequn/ros2_foxy/install/ament_clang_tidy:/home/lequn/ros2_foxy/install/ament_clang_format /usr/bin/cmake --install /home/lequn/Documents/GitHub/turtlebot3_ros2_ws/build/dynamixel_sdk_custom_interfaces
