-- The C compiler identification is GNU 9.3.0
-- The CXX compiler identification is GNU 9.3.0
-- Check for working C compiler: /usr/bin/cc
-- Check for working C compiler: /usr/bin/cc -- works
-- Detecting C compiler ABI info
-- Detecting C compiler ABI info - done
-- Detecting C compile features
-- Detecting C compile features - done
-- Check for working CXX compiler: /usr/bin/c++
-- Check for working CXX compiler: /usr/bin/c++ -- works
-- Detecting CXX compiler ABI info
-- Detecting CXX compiler ABI info - done
-- Detecting CXX compile features
-- Detecting CXX compile features - done
-- Found ament_cmake: 0.9.9 (/home/lequn/ros2_foxy/install/ament_cmake/share/ament_cmake/cmake)
-- Found PythonInterp: /usr/bin/python3 (found suitable version "3.8.10", minimum required is "3") 
-- Using PYTHON_EXECUTABLE: /usr/bin/python3
-- Override CMake install command with custom implementation using symlinks instead of copying resources
-- Found dynamixel_sdk: 3.7.40 (/home/lequn/Documents/GitHub/turtlebot3_ros2_ws/install/dynamixel_sdk/share/dynamixel_sdk/cmake)
-- Found geometry_msgs: 2.0.5 (/home/lequn/ros2_foxy/install/geometry_msgs/share/geometry_msgs/cmake)
-- Using all available rosidl_typesupport_c: rosidl_typesupport_fastrtps_c;rosidl_typesupport_introspection_c
-- Found rosidl_adapter: 1.2.1 (/home/lequn/ros2_foxy/install/rosidl_adapter/share/rosidl_adapter/cmake)
-- Found OpenSSL: /usr/lib/x86_64-linux-gnu/libcrypto.so (found version "1.1.1f")  
-- Found FastRTPS: /home/lequn/ros2_foxy/install/fastrtps/include  
-- Using all available rosidl_typesupport_cpp: rosidl_typesupport_fastrtps_cpp;rosidl_typesupport_introspection_cpp
-- Found message_filters: 3.2.5 (/home/lequn/ros2_foxy/install/message_filters/share/message_filters/cmake)
-- Found nav_msgs: 2.0.5 (/home/lequn/ros2_foxy/install/nav_msgs/share/nav_msgs/cmake)
-- Found rclcpp: 2.4.0 (/home/lequn/ros2_foxy/install/rclcpp/share/rclcpp/cmake)
-- Found rmw_implementation_cmake: 1.0.3 (/home/lequn/ros2_foxy/install/rmw_implementation_cmake/share/rmw_implementation_cmake/cmake)
-- Using RMW implementation 'rmw_fastrtps_cpp' as default
-- Looking for pthread.h
-- Looking for pthread.h - found
-- Performing Test CMAKE_HAVE_LIBC_PTHREAD
-- Performing Test CMAKE_HAVE_LIBC_PTHREAD - Failed
-- Looking for pthread_create in pthreads
-- Looking for pthread_create in pthreads - not found
-- Looking for pthread_create in pthread
-- Looking for pthread_create in pthread - found
-- Found Threads: TRUE  
-- Found sensor_msgs: 2.0.5 (/home/lequn/ros2_foxy/install/sensor_msgs/share/sensor_msgs/cmake)
-- Found std_srvs: 2.0.5 (/home/lequn/ros2_foxy/install/std_srvs/share/std_srvs/cmake)
-- Found tf2: 0.13.12 (/home/lequn/ros2_foxy/install/tf2/share/tf2/cmake)
-- Found tf2_ros: 0.13.12 (/home/lequn/ros2_foxy/install/tf2_ros/share/tf2_ros/cmake)
-- Found turtlebot3_msgs: 2.2.1 (/home/lequn/Documents/GitHub/turtlebot3_ros2_ws/install/turtlebot3_msgs/share/turtlebot3_msgs/cmake)
-- Configuring done
-- Generating done
-- Build files have been written to: /home/lequn/Documents/GitHub/turtlebot3_ros2_ws/build/turtlebot3_node
[35m[1mScanning dependencies of target turtlebot3_node_lib[0m
[  7%] [32mBuilding CXX object CMakeFiles/turtlebot3_node_lib.dir/src/devices/sound.cpp.o[0m
[ 14%] [32mBuilding CXX object CMakeFiles/turtlebot3_node_lib.dir/src/devices/reset.cpp.o[0m
[ 28%] [32mBuilding CXX object CMakeFiles/turtlebot3_node_lib.dir/src/devices/motor_power.cpp.o[0m
[ 35%] [32mBuilding CXX object CMakeFiles/turtlebot3_node_lib.dir/src/diff_drive_controller.cpp.o[0m
[ 35%] [32mBuilding CXX object CMakeFiles/turtlebot3_node_lib.dir/src/sensors/sensor_state.cpp.o[0m
[ 42%] [32mBuilding CXX object CMakeFiles/turtlebot3_node_lib.dir/src/odometry.cpp.o[0m
[ 50%] [32mBuilding CXX object CMakeFiles/turtlebot3_node_lib.dir/src/dynamixel_sdk_wrapper.cpp.o[0m
[ 57%] [32mBuilding CXX object CMakeFiles/turtlebot3_node_lib.dir/src/sensors/battery_state.cpp.o[0m
[ 64%] [32mBuilding CXX object CMakeFiles/turtlebot3_node_lib.dir/src/turtlebot3.cpp.o[0m
[ 71%] [32mBuilding CXX object CMakeFiles/turtlebot3_node_lib.dir/src/sensors/joint_state.cpp.o[0m
[ 78%] [32mBuilding CXX object CMakeFiles/turtlebot3_node_lib.dir/src/sensors/imu.cpp.o[0m
[ 85%] [32m[1mLinking CXX static library libturtlebot3_node_lib.a[0m
[ 85%] Built target turtlebot3_node_lib
[35m[1mScanning dependencies of target turtlebot3_ros[0m
[ 92%] [32mBuilding CXX object CMakeFiles/turtlebot3_ros.dir/src/node_main.cpp.o[0m
[100%] [32m[1mLinking CXX executable turtlebot3_ros[0m
[100%] Built target turtlebot3_ros
-- Install configuration: ""
-- Execute custom install script
-- Symlinking: /home/lequn/Documents/GitHub/turtlebot3_ros2_ws/install/turtlebot3_node/share/turtlebot3_node/param/burger.yaml
-- Symlinking: /home/lequn/Documents/GitHub/turtlebot3_ros2_ws/install/turtlebot3_node/share/turtlebot3_node/param/waffle.yaml
-- Symlinking: /home/lequn/Documents/GitHub/turtlebot3_ros2_ws/install/turtlebot3_node/share/turtlebot3_node/param/waffle_pi.yaml
-- Symlinking: /home/lequn/Documents/GitHub/turtlebot3_ros2_ws/install/turtlebot3_node/lib/turtlebot3_node/turtlebot3_ros
-- Symlinking: /home/lequn/Documents/GitHub/turtlebot3_ros2_ws/install/turtlebot3_node/share/ament_index/resource_index/package_run_dependencies/turtlebot3_node
-- Symlinking: /home/lequn/Documents/GitHub/turtlebot3_ros2_ws/install/turtlebot3_node/share/ament_index/resource_index/parent_prefix_path/turtlebot3_node
-- Symlinking: /home/lequn/Documents/GitHub/turtlebot3_ros2_ws/install/turtlebot3_node/share/turtlebot3_node/environment/ament_prefix_path.sh
-- Symlinking: /home/lequn/Documents/GitHub/turtlebot3_ros2_ws/install/turtlebot3_node/share/turtlebot3_node/environment/ament_prefix_path.dsv
-- Symlinking: /home/lequn/Documents/GitHub/turtlebot3_ros2_ws/install/turtlebot3_node/share/turtlebot3_node/environment/path.sh
-- Symlinking: /home/lequn/Documents/GitHub/turtlebot3_ros2_ws/install/turtlebot3_node/share/turtlebot3_node/environment/path.dsv
-- Symlinking: /home/lequn/Documents/GitHub/turtlebot3_ros2_ws/install/turtlebot3_node/share/turtlebot3_node/local_setup.bash
-- Symlinking: /home/lequn/Documents/GitHub/turtlebot3_ros2_ws/install/turtlebot3_node/share/turtlebot3_node/local_setup.sh
-- Symlinking: /home/lequn/Documents/GitHub/turtlebot3_ros2_ws/install/turtlebot3_node/share/turtlebot3_node/local_setup.zsh
-- Symlinking: /home/lequn/Documents/GitHub/turtlebot3_ros2_ws/install/turtlebot3_node/share/turtlebot3_node/local_setup.dsv
-- Symlinking: /home/lequn/Documents/GitHub/turtlebot3_ros2_ws/install/turtlebot3_node/share/turtlebot3_node/package.dsv
-- Symlinking: /home/lequn/Documents/GitHub/turtlebot3_ros2_ws/install/turtlebot3_node/share/ament_index/resource_index/packages/turtlebot3_node
-- Symlinking: /home/lequn/Documents/GitHub/turtlebot3_ros2_ws/install/turtlebot3_node/share/turtlebot3_node/cmake/ament_cmake_export_include_directories-extras.cmake
-- Symlinking: /home/lequn/Documents/GitHub/turtlebot3_ros2_ws/install/turtlebot3_node/share/turtlebot3_node/cmake/turtlebot3_nodeConfig.cmake
-- Symlinking: /home/lequn/Documents/GitHub/turtlebot3_ros2_ws/install/turtlebot3_node/share/turtlebot3_node/cmake/turtlebot3_nodeConfig-version.cmake
-- Symlinking: /home/lequn/Documents/GitHub/turtlebot3_ros2_ws/install/turtlebot3_node/share/turtlebot3_node/package.xml
