[2.222s] Invoking command in '/home/lequn/Documents/GitHub/turtlebot3_ros2_ws/build/turtlebot3_teleop': PYTHONPATH=/home/lequn/Documents/GitHub/turtlebot3_ros2_ws/install/turtlebot3_teleop/lib/python3.8/site-packages:${PYTHONPATH} /usr/bin/python3 setup.py develop --prefix /home/lequn/Documents/GitHub/turtlebot3_ros2_ws/install/turtlebot3_teleop --editable --build-directory /home/lequn/Documents/GitHub/turtlebot3_ros2_ws/build/turtlebot3_teleop/build --no-deps install_data --install-dir /home/lequn/Documents/GitHub/turtlebot3_ros2_ws/install/turtlebot3_teleop
[3.030s] running develop
[3.219s] running egg_info
[3.219s] creating turtlebot3_teleop.egg-info
[3.219s] writing turtlebot3_teleop.egg-info/PKG-INFO
[3.219s] writing dependency_links to turtlebot3_teleop.egg-info/dependency_links.txt
[3.219s] writing entry points to turtlebot3_teleop.egg-info/entry_points.txt
[3.220s] writing requirements to turtlebot3_teleop.egg-info/requires.txt
[3.220s] writing top-level names to turtlebot3_teleop.egg-info/top_level.txt
[3.222s] writing manifest file 'turtlebot3_teleop.egg-info/SOURCES.txt'
[3.248s] reading manifest file 'turtlebot3_teleop.egg-info/SOURCES.txt'
[3.248s] writing manifest file 'turtlebot3_teleop.egg-info/SOURCES.txt'
[3.288s] running build_ext
[3.288s] Creating /home/lequn/Documents/GitHub/turtlebot3_ros2_ws/install/turtlebot3_teleop/lib/python3.8/site-packages/site.py
[3.293s] Creating /home/lequn/Documents/GitHub/turtlebot3_ros2_ws/install/turtlebot3_teleop/lib/python3.8/site-packages/turtlebot3-teleop.egg-link (link to .)
[3.293s] Installing teleop_keyboard script to /home/lequn/Documents/GitHub/turtlebot3_ros2_ws/install/turtlebot3_teleop/lib/turtlebot3_teleop
[3.294s] 
[3.295s] Installed /home/lequn/Documents/GitHub/turtlebot3_ros2_ws/build/turtlebot3_teleop
[3.295s] running install_data
[3.295s] creating /home/lequn/Documents/GitHub/turtlebot3_ros2_ws/install/turtlebot3_teleop/share/ament_index
[3.295s] creating /home/lequn/Documents/GitHub/turtlebot3_ros2_ws/install/turtlebot3_teleop/share/ament_index/resource_index
[3.295s] creating /home/lequn/Documents/GitHub/turtlebot3_ros2_ws/install/turtlebot3_teleop/share/ament_index/resource_index/packages
[3.295s] copying resource/turtlebot3_teleop -> /home/lequn/Documents/GitHub/turtlebot3_ros2_ws/install/turtlebot3_teleop/share/ament_index/resource_index/packages
[3.295s] copying package.xml -> /home/lequn/Documents/GitHub/turtlebot3_ros2_ws/install/turtlebot3_teleop/share/turtlebot3_teleop
[3.320s] Invoked command in '/home/lequn/Documents/GitHub/turtlebot3_ros2_ws/build/turtlebot3_teleop' returned '0': PYTHONPATH=/home/lequn/Documents/GitHub/turtlebot3_ros2_ws/install/turtlebot3_teleop/lib/python3.8/site-packages:${PYTHONPATH} /usr/bin/python3 setup.py develop --prefix /home/lequn/Documents/GitHub/turtlebot3_ros2_ws/install/turtlebot3_teleop --editable --build-directory /home/lequn/Documents/GitHub/turtlebot3_ros2_ws/build/turtlebot3_teleop/build --no-deps install_data --install-dir /home/lequn/Documents/GitHub/turtlebot3_ros2_ws/install/turtlebot3_teleop
