[2.395s] Invoking command in '/home/lequn/Documents/GitHub/turtlebot3_ros2_ws/build/turtlebot3_automatic_parking': PYTHONPATH=/home/lequn/Documents/GitHub/turtlebot3_ros2_ws/install/turtlebot3_automatic_parking/lib/python3.8/site-packages:${PYTHONPATH} /usr/bin/python3 setup.py develop --prefix /home/lequn/Documents/GitHub/turtlebot3_ros2_ws/install/turtlebot3_automatic_parking --editable --build-directory /home/lequn/Documents/GitHub/turtlebot3_ros2_ws/build/turtlebot3_automatic_parking/build --no-deps install_data --install-dir /home/lequn/Documents/GitHub/turtlebot3_ros2_ws/install/turtlebot3_automatic_parking
[3.174s] running develop
[3.384s] running egg_info
[3.387s] creating turtlebot3_automatic_parking.egg-info
[3.387s] writing turtlebot3_automatic_parking.egg-info/PKG-INFO
[3.388s] writing dependency_links to turtlebot3_automatic_parking.egg-info/dependency_links.txt
[3.388s] writing entry points to turtlebot3_automatic_parking.egg-info/entry_points.txt
[3.389s] writing requirements to turtlebot3_automatic_parking.egg-info/requires.txt
[3.389s] writing top-level names to turtlebot3_automatic_parking.egg-info/top_level.txt
[3.389s] writing manifest file 'turtlebot3_automatic_parking.egg-info/SOURCES.txt'
[3.416s] reading manifest file 'turtlebot3_automatic_parking.egg-info/SOURCES.txt'
[3.417s] writing manifest file 'turtlebot3_automatic_parking.egg-info/SOURCES.txt'
[3.468s] running build_ext
[3.468s] Creating /home/lequn/Documents/GitHub/turtlebot3_ros2_ws/install/turtlebot3_automatic_parking/lib/python3.8/site-packages/site.py
[3.472s] Creating /home/lequn/Documents/GitHub/turtlebot3_ros2_ws/install/turtlebot3_automatic_parking/lib/python3.8/site-packages/turtlebot3-automatic-parking.egg-link (link to .)
[3.473s] Installing turtlebot3_automatic_parking script to /home/lequn/Documents/GitHub/turtlebot3_ros2_ws/install/turtlebot3_automatic_parking/lib/turtlebot3_automatic_parking
[3.474s] 
[3.474s] Installed /home/lequn/Documents/GitHub/turtlebot3_ros2_ws/build/turtlebot3_automatic_parking
[3.474s] running install_data
[3.474s] creating /home/lequn/Documents/GitHub/turtlebot3_ros2_ws/install/turtlebot3_automatic_parking/share/ament_index
[3.474s] creating /home/lequn/Documents/GitHub/turtlebot3_ros2_ws/install/turtlebot3_automatic_parking/share/ament_index/resource_index
[3.475s] creating /home/lequn/Documents/GitHub/turtlebot3_ros2_ws/install/turtlebot3_automatic_parking/share/ament_index/resource_index/packages
[3.475s] copying resource/turtlebot3_automatic_parking -> /home/lequn/Documents/GitHub/turtlebot3_ros2_ws/install/turtlebot3_automatic_parking/share/ament_index/resource_index/packages
[3.475s] copying package.xml -> /home/lequn/Documents/GitHub/turtlebot3_ros2_ws/install/turtlebot3_automatic_parking/share/turtlebot3_automatic_parking
[3.475s] creating /home/lequn/Documents/GitHub/turtlebot3_ros2_ws/install/turtlebot3_automatic_parking/share/turtlebot3_automatic_parking/launch
[3.475s] copying launch/turtlebot3_automatic_parking.launch.py -> /home/lequn/Documents/GitHub/turtlebot3_ros2_ws/install/turtlebot3_automatic_parking/share/turtlebot3_automatic_parking/launch
[3.475s] creating /home/lequn/Documents/GitHub/turtlebot3_ros2_ws/install/turtlebot3_automatic_parking/share/turtlebot3_automatic_parking/rviz
[3.475s] copying rviz/turtlebot3_automatic_parking.rviz -> /home/lequn/Documents/GitHub/turtlebot3_ros2_ws/install/turtlebot3_automatic_parking/share/turtlebot3_automatic_parking/rviz
[3.509s] Invoked command in '/home/lequn/Documents/GitHub/turtlebot3_ros2_ws/build/turtlebot3_automatic_parking' returned '0': PYTHONPATH=/home/lequn/Documents/GitHub/turtlebot3_ros2_ws/install/turtlebot3_automatic_parking/lib/python3.8/site-packages:${PYTHONPATH} /usr/bin/python3 setup.py develop --prefix /home/lequn/Documents/GitHub/turtlebot3_ros2_ws/install/turtlebot3_automatic_parking --editable --build-directory /home/lequn/Documents/GitHub/turtlebot3_ros2_ws/build/turtlebot3_automatic_parking/build --no-deps install_data --install-dir /home/lequn/Documents/GitHub/turtlebot3_ros2_ws/install/turtlebot3_automatic_parking
